Started GET "/" for 127.0.0.1 at 2018-09-17 13:57:23 -0700
  
ActiveRecord::NoDatabaseError (FATAL:  database "TaskList_development" does not exist
):
  
activerecord (5.2.1) lib/active_record/connection_adapters/postgresql_adapter.rb:688:in `rescue in connect'
activerecord (5.2.1) lib/active_record/connection_adapters/postgresql_adapter.rb:683:in `connect'
activerecord (5.2.1) lib/active_record/connection_adapters/postgresql_adapter.rb:215:in `initialize'
activerecord (5.2.1) lib/active_record/connection_adapters/postgresql_adapter.rb:40:in `new'
activerecord (5.2.1) lib/active_record/connection_adapters/postgresql_adapter.rb:40:in `postgresql_connection'
activerecord (5.2.1) lib/active_record/connection_adapters/abstract/connection_pool.rb:809:in `new_connection'
activerecord (5.2.1) lib/active_record/connection_adapters/abstract/connection_pool.rb:853:in `checkout_new_connection'
activerecord (5.2.1) lib/active_record/connection_adapters/abstract/connection_pool.rb:832:in `try_to_checkout_new_connection'
activerecord (5.2.1) lib/active_record/connection_adapters/abstract/connection_pool.rb:793:in `acquire_connection'
activerecord (5.2.1) lib/active_record/connection_adapters/abstract/connection_pool.rb:521:in `checkout'
activerecord (5.2.1) lib/active_record/connection_adapters/abstract/connection_pool.rb:380:in `connection'
activerecord (5.2.1) lib/active_record/connection_adapters/abstract/connection_pool.rb:1008:in `retrieve_connection'
activerecord (5.2.1) lib/active_record/connection_handling.rb:118:in `retrieve_connection'
activerecord (5.2.1) lib/active_record/connection_handling.rb:90:in `connection'
activerecord (5.2.1) lib/active_record/migration.rb:554:in `call'
actionpack (5.2.1) lib/action_dispatch/middleware/callbacks.rb:28:in `block in call'
activesupport (5.2.1) lib/active_support/callbacks.rb:98:in `run_callbacks'
actionpack (5.2.1) lib/action_dispatch/middleware/callbacks.rb:26:in `call'
actionpack (5.2.1) lib/action_dispatch/middleware/executor.rb:14:in `call'
actionpack (5.2.1) lib/action_dispatch/middleware/debug_exceptions.rb:61:in `call'
web-console (3.7.0) lib/web_console/middleware.rb:135:in `call_app'
web-console (3.7.0) lib/web_console/middleware.rb:30:in `block in call'
web-console (3.7.0) lib/web_console/middleware.rb:20:in `catch'
web-console (3.7.0) lib/web_console/middleware.rb:20:in `call'
actionpack (5.2.1) lib/action_dispatch/middleware/show_exceptions.rb:33:in `call'
railties (5.2.1) lib/rails/rack/logger.rb:38:in `call_app'
railties (5.2.1) lib/rails/rack/logger.rb:26:in `block in call'
activesupport (5.2.1) lib/active_support/tagged_logging.rb:71:in `block in tagged'
activesupport (5.2.1) lib/active_support/tagged_logging.rb:28:in `tagged'
activesupport (5.2.1) lib/active_support/tagged_logging.rb:71:in `tagged'
railties (5.2.1) lib/rails/rack/logger.rb:26:in `call'
sprockets-rails (3.2.1) lib/sprockets/rails/quiet_assets.rb:13:in `call'
actionpack (5.2.1) lib/action_dispatch/middleware/remote_ip.rb:81:in `call'
actionpack (5.2.1) lib/action_dispatch/middleware/request_id.rb:27:in `call'
rack (2.0.5) lib/rack/method_override.rb:22:in `call'
rack (2.0.5) lib/rack/runtime.rb:22:in `call'
activesupport (5.2.1) lib/active_support/cache/strategy/local_cache_middleware.rb:29:in `call'
actionpack (5.2.1) lib/action_dispatch/middleware/executor.rb:14:in `call'
actionpack (5.2.1) lib/action_dispatch/middleware/static.rb:127:in `call'
rack (2.0.5) lib/rack/sendfile.rb:111:in `call'
railties (5.2.1) lib/rails/engine.rb:524:in `call'
puma (3.12.0) lib/puma/configuration.rb:225:in `call'
puma (3.12.0) lib/puma/server.rb:658:in `handle_request'
puma (3.12.0) lib/puma/server.rb:472:in `process_client'
puma (3.12.0) lib/puma/server.rb:332:in `block in run'
puma (3.12.0) lib/puma/thread_pool.rb:133:in `block in spawn_thread'
  [1m[35m (0.1ms)[0m  [1m[35mDROP DATABASE IF EXISTS "TaskList_development"[0m
  ↳ bin/rails:9
  [1m[35m (0.1ms)[0m  [1m[35mDROP DATABASE IF EXISTS "TaskList_test"[0m
  ↳ bin/rails:9
  [1m[35m (462.9ms)[0m  [1m[35mCREATE DATABASE "TaskList_development" ENCODING = 'unicode'[0m
  ↳ bin/rails:9
  [1m[35m (388.9ms)[0m  [1m[35mCREATE DATABASE "TaskList_test" ENCODING = 'unicode'[0m
  ↳ bin/rails:9
Started GET "/" for 127.0.0.1 at 2018-09-17 13:58:14 -0700
Processing by Rails::WelcomeController#index as HTML
  Rendering /Users/jfahmy/.rvm/gems/ruby-2.5.1/gems/railties-5.2.1/lib/rails/templates/rails/welcome/index.html.erb
  Rendered /Users/jfahmy/.rvm/gems/ruby-2.5.1/gems/railties-5.2.1/lib/rails/templates/rails/welcome/index.html.erb (3.0ms)
Completed 200 OK in 20ms (Views: 9.1ms | ActiveRecord: 0.0ms)


Started GET "/index" for 127.0.0.1 at 2018-09-17 14:16:53 -0700
Processing by TasksController#index as HTML
  Rendering tasks/index.html.erb within layouts/application
  Rendered tasks/index.html.erb within layouts/application (1.0ms)
Completed 200 OK in 444ms (Views: 433.9ms | ActiveRecord: 0.0ms)


Started GET "/index" for 127.0.0.1 at 2018-09-17 14:21:24 -0700
Processing by TasksController#index as HTML
  Rendering tasks/index.html.erb within layouts/application
  Rendered tasks/index.html.erb within layouts/application (0.4ms)
Completed 200 OK in 24ms (Views: 22.2ms | ActiveRecord: 0.0ms)


Started GET "/index" for 127.0.0.1 at 2018-09-17 14:22:39 -0700
Processing by TasksController#index as HTML
  Rendering tasks/index.html.erb within layouts/application
  Rendered tasks/index.html.erb within layouts/application (0.6ms)
Completed 200 OK in 23ms (Views: 21.3ms | ActiveRecord: 0.0ms)


Started GET "/index" for 127.0.0.1 at 2018-09-17 14:23:07 -0700
Processing by TasksController#index as HTML
  Rendering tasks/index.html.erb within layouts/application
  Rendered tasks/index.html.erb within layouts/application (0.3ms)
Completed 200 OK in 24ms (Views: 22.3ms | ActiveRecord: 0.0ms)


Started GET "/index" for 127.0.0.1 at 2018-09-17 14:23:16 -0700
Processing by TasksController#index as HTML
  Rendering tasks/index.html.erb within layouts/application
  Rendered tasks/index.html.erb within layouts/application (0.3ms)
Completed 200 OK in 25ms (Views: 23.4ms | ActiveRecord: 0.0ms)


Started GET "/index" for 127.0.0.1 at 2018-09-17 14:24:14 -0700
Processing by TasksController#index as HTML
  Rendering tasks/index.html.erb within layouts/application
  Rendered tasks/index.html.erb within layouts/application (0.4ms)
Completed 200 OK in 18ms (Views: 16.5ms | ActiveRecord: 0.0ms)


Started GET "/index" for 127.0.0.1 at 2018-09-17 14:24:25 -0700
Processing by TasksController#index as HTML
  Rendering tasks/index.html.erb within layouts/application
  Rendered tasks/index.html.erb within layouts/application (0.4ms)
Completed 200 OK in 19ms (Views: 18.0ms | ActiveRecord: 0.0ms)


Started GET "/index" for 127.0.0.1 at 2018-09-17 14:26:24 -0700
Processing by TasksController#index as HTML
  Rendering tasks/index.html.erb within layouts/application
  Rendered tasks/index.html.erb within layouts/application (0.4ms)
Completed 200 OK in 25ms (Views: 23.5ms | ActiveRecord: 0.0ms)


Started GET "/tasks" for 127.0.0.1 at 2018-09-17 14:28:37 -0700
  
ActionController::RoutingError (No route matches [GET] "/tasks"):
  
actionpack (5.2.1) lib/action_dispatch/middleware/debug_exceptions.rb:65:in `call'
web-console (3.7.0) lib/web_console/middleware.rb:135:in `call_app'
web-console (3.7.0) lib/web_console/middleware.rb:30:in `block in call'
web-console (3.7.0) lib/web_console/middleware.rb:20:in `catch'
web-console (3.7.0) lib/web_console/middleware.rb:20:in `call'
actionpack (5.2.1) lib/action_dispatch/middleware/show_exceptions.rb:33:in `call'
railties (5.2.1) lib/rails/rack/logger.rb:38:in `call_app'
railties (5.2.1) lib/rails/rack/logger.rb:26:in `block in call'
activesupport (5.2.1) lib/active_support/tagged_logging.rb:71:in `block in tagged'
activesupport (5.2.1) lib/active_support/tagged_logging.rb:28:in `tagged'
activesupport (5.2.1) lib/active_support/tagged_logging.rb:71:in `tagged'
railties (5.2.1) lib/rails/rack/logger.rb:26:in `call'
sprockets-rails (3.2.1) lib/sprockets/rails/quiet_assets.rb:13:in `call'
actionpack (5.2.1) lib/action_dispatch/middleware/remote_ip.rb:81:in `call'
actionpack (5.2.1) lib/action_dispatch/middleware/request_id.rb:27:in `call'
rack (2.0.5) lib/rack/method_override.rb:22:in `call'
rack (2.0.5) lib/rack/runtime.rb:22:in `call'
activesupport (5.2.1) lib/active_support/cache/strategy/local_cache_middleware.rb:29:in `call'
actionpack (5.2.1) lib/action_dispatch/middleware/executor.rb:14:in `call'
actionpack (5.2.1) lib/action_dispatch/middleware/static.rb:127:in `call'
rack (2.0.5) lib/rack/sendfile.rb:111:in `call'
railties (5.2.1) lib/rails/engine.rb:524:in `call'
puma (3.12.0) lib/puma/configuration.rb:225:in `call'
puma (3.12.0) lib/puma/server.rb:658:in `handle_request'
puma (3.12.0) lib/puma/server.rb:472:in `process_client'
puma (3.12.0) lib/puma/server.rb:332:in `block in run'
puma (3.12.0) lib/puma/thread_pool.rb:133:in `block in spawn_thread'
Started GET "/tasks" for 127.0.0.1 at 2018-09-17 14:29:30 -0700
Processing by TasksController#index as HTML
  Rendering tasks/index.html.erb within layouts/application
  Rendered tasks/index.html.erb within layouts/application (0.4ms)
Completed 200 OK in 27ms (Views: 24.4ms | ActiveRecord: 0.0ms)


Started GET "/tasks" for 127.0.0.1 at 2018-09-17 14:32:03 -0700
Processing by TasksController#index as HTML
  Rendering tasks/index.html.erb within layouts/application
  Rendered tasks/index.html.erb within layouts/application (0.5ms)
Completed 200 OK in 26ms (Views: 24.2ms | ActiveRecord: 0.0ms)


Started GET "/tasks" for 127.0.0.1 at 2018-09-17 14:35:11 -0700
Processing by TasksController#index as HTML
  Rendering tasks/index.html.erb within layouts/application
  Rendered tasks/index.html.erb within layouts/application (0.6ms)
Completed 200 OK in 30ms (Views: 28.5ms | ActiveRecord: 0.0ms)


Started GET "/tasks" for 127.0.0.1 at 2018-09-17 14:35:53 -0700
Processing by TasksController#index as HTML
  Rendering tasks/index.html.erb within layouts/application
  Rendered tasks/index.html.erb within layouts/application (0.4ms)
Completed 200 OK in 20ms (Views: 18.5ms | ActiveRecord: 0.0ms)


Started GET "/tasks" for 127.0.0.1 at 2018-09-17 14:37:40 -0700
Processing by TasksController#index as HTML
  Rendering tasks/index.html.erb within layouts/application
  Rendered tasks/index.html.erb within layouts/application (0.4ms)
Completed 200 OK in 26ms (Views: 24.4ms | ActiveRecord: 0.0ms)


Started GET "/tasks" for 127.0.0.1 at 2018-09-17 14:37:46 -0700
Processing by TasksController#index as HTML
  Rendering tasks/index.html.erb within layouts/application
  Rendered tasks/index.html.erb within layouts/application (0.4ms)
Completed 200 OK in 24ms (Views: 21.9ms | ActiveRecord: 0.0ms)


Started GET "/tasks" for 127.0.0.1 at 2018-09-17 14:37:59 -0700
Processing by TasksController#index as HTML
  Rendering tasks/index.html.erb within layouts/application
  Rendered tasks/index.html.erb within layouts/application (0.7ms)
Completed 200 OK in 22ms (Views: 20.2ms | ActiveRecord: 0.0ms)


Started GET "/tasks" for 127.0.0.1 at 2018-09-17 14:38:01 -0700
Processing by TasksController#index as HTML
  Rendering tasks/index.html.erb within layouts/application
  Rendered tasks/index.html.erb within layouts/application (0.4ms)
Completed 200 OK in 19ms (Views: 16.5ms | ActiveRecord: 0.0ms)


Started GET "/tasks" for 127.0.0.1 at 2018-09-17 14:38:12 -0700
Processing by TasksController#index as HTML
  Rendering tasks/index.html.erb within layouts/application
  Rendered tasks/index.html.erb within layouts/application (0.4ms)
Completed 200 OK in 23ms (Views: 21.6ms | ActiveRecord: 0.0ms)


Started GET "/tasks" for 127.0.0.1 at 2018-09-17 14:38:31 -0700
Processing by TasksController#index as HTML
  Rendering tasks/index.html.erb within layouts/application
  Rendered tasks/index.html.erb within layouts/application (0.5ms)
Completed 200 OK in 26ms (Views: 24.2ms | ActiveRecord: 0.0ms)


Started GET "/tasks" for 127.0.0.1 at 2018-09-17 14:38:42 -0700
Processing by TasksController#index as HTML
  Rendering tasks/index.html.erb within layouts/application
  Rendered tasks/index.html.erb within layouts/application (0.4ms)
Completed 200 OK in 24ms (Views: 22.1ms | ActiveRecord: 0.0ms)


Started GET "/tasks" for 127.0.0.1 at 2018-09-17 14:39:29 -0700
Processing by TasksController#index as HTML
  Rendering tasks/index.html.erb within layouts/application
  Rendered tasks/index.html.erb within layouts/application (0.4ms)
Completed 200 OK in 26ms (Views: 24.5ms | ActiveRecord: 0.0ms)


Started GET "/tasks" for 127.0.0.1 at 2018-09-17 14:39:36 -0700
Processing by TasksController#index as HTML
  Rendering tasks/index.html.erb within layouts/application
  Rendered tasks/index.html.erb within layouts/application (0.4ms)
Completed 200 OK in 22ms (Views: 20.4ms | ActiveRecord: 0.0ms)


Started GET "/tasks" for 127.0.0.1 at 2018-09-17 14:39:44 -0700
Processing by TasksController#index as HTML
  Rendering tasks/index.html.erb within layouts/application
  Rendered tasks/index.html.erb within layouts/application (0.4ms)
Completed 200 OK in 22ms (Views: 20.2ms | ActiveRecord: 0.0ms)


Started GET "/tasks" for 127.0.0.1 at 2018-09-17 14:39:46 -0700
Processing by TasksController#index as HTML
  Rendering tasks/index.html.erb within layouts/application
  Rendered tasks/index.html.erb within layouts/application (0.5ms)
Completed 200 OK in 21ms (Views: 19.3ms | ActiveRecord: 0.0ms)


Started GET "/tasks" for 127.0.0.1 at 2018-09-17 14:39:48 -0700
Processing by TasksController#index as HTML
  Rendering tasks/index.html.erb within layouts/application
  Rendered tasks/index.html.erb within layouts/application (0.4ms)
Completed 200 OK in 17ms (Views: 15.6ms | ActiveRecord: 0.0ms)


Started GET "/tasks" for 127.0.0.1 at 2018-09-17 14:39:58 -0700
Processing by TasksController#index as HTML
  Rendering tasks/index.html.erb within layouts/application
  Rendered tasks/index.html.erb within layouts/application (0.4ms)
Completed 200 OK in 26ms (Views: 24.0ms | ActiveRecord: 0.0ms)


Started GET "/tasks" for 127.0.0.1 at 2018-09-17 14:40:11 -0700
Processing by TasksController#index as HTML
  Rendering tasks/index.html.erb within layouts/application
  Rendered tasks/index.html.erb within layouts/application (0.4ms)
Completed 200 OK in 52ms (Views: 50.5ms | ActiveRecord: 0.0ms)


Started GET "/tasks" for 127.0.0.1 at 2018-09-17 14:40:44 -0700
Processing by TasksController#index as HTML
  Rendering tasks/index.html.erb within layouts/application
  Rendered tasks/index.html.erb within layouts/application (0.6ms)
Completed 200 OK in 23ms (Views: 20.8ms | ActiveRecord: 0.0ms)


Started GET "/tasks" for 127.0.0.1 at 2018-09-17 14:41:07 -0700
Processing by TasksController#index as HTML
  Rendering tasks/index.html.erb within layouts/application
  Rendered tasks/index.html.erb within layouts/application (0.4ms)
Completed 200 OK in 23ms (Views: 21.5ms | ActiveRecord: 0.0ms)


Started GET "/tasks" for 127.0.0.1 at 2018-09-17 14:41:36 -0700
Processing by TasksController#index as HTML
  Rendering tasks/index.html.erb within layouts/application
  Rendered tasks/index.html.erb within layouts/application (0.4ms)
Completed 200 OK in 17ms (Views: 15.3ms | ActiveRecord: 0.0ms)


Started GET "/tasks" for 127.0.0.1 at 2018-09-17 14:41:48 -0700
Processing by TasksController#index as HTML
  Rendering tasks/index.html.erb within layouts/application
  Rendered tasks/index.html.erb within layouts/application (0.6ms)
Completed 200 OK in 20ms (Views: 18.0ms | ActiveRecord: 0.0ms)


Started GET "/tasks" for 127.0.0.1 at 2018-09-17 14:41:51 -0700
Processing by TasksController#index as HTML
  Rendering tasks/index.html.erb within layouts/application
  Rendered tasks/index.html.erb within layouts/application (0.4ms)
Completed 200 OK in 16ms (Views: 14.4ms | ActiveRecord: 0.0ms)


Started GET "/tasks" for 127.0.0.1 at 2018-09-17 14:42:03 -0700
Processing by TasksController#index as HTML
  Rendering tasks/index.html.erb within layouts/application
  Rendered tasks/index.html.erb within layouts/application (0.4ms)
Completed 200 OK in 19ms (Views: 17.1ms | ActiveRecord: 0.0ms)


Started GET "/tasks" for 127.0.0.1 at 2018-09-17 14:42:21 -0700
Processing by TasksController#index as HTML
  Rendering tasks/index.html.erb within layouts/application
  Rendered tasks/index.html.erb within layouts/application (0.4ms)
Completed 200 OK in 22ms (Views: 20.3ms | ActiveRecord: 0.0ms)


Started GET "/tasks" for 127.0.0.1 at 2018-09-17 14:42:23 -0700
Processing by TasksController#index as HTML
  Rendering tasks/index.html.erb within layouts/application
  Rendered tasks/index.html.erb within layouts/application (0.4ms)
Completed 200 OK in 19ms (Views: 17.4ms | ActiveRecord: 0.0ms)


Started GET "/tasks" for 127.0.0.1 at 2018-09-17 14:42:25 -0700
Processing by TasksController#index as HTML
  Rendering tasks/index.html.erb within layouts/application
  Rendered tasks/index.html.erb within layouts/application (0.4ms)
Completed 200 OK in 17ms (Views: 15.2ms | ActiveRecord: 0.0ms)


Started GET "/tasks" for 127.0.0.1 at 2018-09-17 14:42:34 -0700
Processing by TasksController#index as HTML
  Rendering tasks/index.html.erb within layouts/application
  Rendered tasks/index.html.erb within layouts/application (0.4ms)
Completed 200 OK in 24ms (Views: 22.8ms | ActiveRecord: 0.0ms)


Started GET "/tasks" for 127.0.0.1 at 2018-09-17 14:42:49 -0700
Processing by TasksController#index as HTML
  Rendering tasks/index.html.erb within layouts/application
  Rendered tasks/index.html.erb within layouts/application (0.6ms)
Completed 200 OK in 25ms (Views: 23.7ms | ActiveRecord: 0.0ms)


Started GET "/tasks" for 127.0.0.1 at 2018-09-17 14:43:07 -0700
Processing by TasksController#index as HTML
  Rendering tasks/index.html.erb within layouts/application
  Rendered tasks/index.html.erb within layouts/application (0.4ms)
Completed 200 OK in 30ms (Views: 29.0ms | ActiveRecord: 0.0ms)


Started GET "/tasks" for 127.0.0.1 at 2018-09-17 14:43:29 -0700
Processing by TasksController#index as HTML
  Rendering tasks/index.html.erb within layouts/application
  Rendered tasks/index.html.erb within layouts/application (0.4ms)
Completed 200 OK in 30ms (Views: 28.7ms | ActiveRecord: 0.0ms)


Started GET "/tasks" for 127.0.0.1 at 2018-09-17 14:43:35 -0700
Processing by TasksController#index as HTML
  Rendering tasks/index.html.erb within layouts/application
  Rendered tasks/index.html.erb within layouts/application (0.4ms)
Completed 200 OK in 27ms (Views: 25.9ms | ActiveRecord: 0.0ms)


Started GET "/tasks" for 127.0.0.1 at 2018-09-17 14:44:01 -0700
Processing by TasksController#index as HTML
  Rendering tasks/index.html.erb within layouts/application
  Rendered tasks/index.html.erb within layouts/application (0.9ms)
Completed 200 OK in 33ms (Views: 31.3ms | ActiveRecord: 0.0ms)


Started GET "/tasks" for 127.0.0.1 at 2018-09-17 14:44:07 -0700
Processing by TasksController#index as HTML
  Rendering tasks/index.html.erb within layouts/application
  Rendered tasks/index.html.erb within layouts/application (0.4ms)
Completed 200 OK in 23ms (Views: 21.5ms | ActiveRecord: 0.0ms)


Started GET "/tasks" for 127.0.0.1 at 2018-09-17 14:44:19 -0700
Processing by TasksController#index as HTML
  Rendering tasks/index.html.erb within layouts/application
  Rendered tasks/index.html.erb within layouts/application (0.5ms)
Completed 200 OK in 31ms (Views: 29.4ms | ActiveRecord: 0.0ms)


Started GET "/tasks" for 127.0.0.1 at 2018-09-17 14:44:51 -0700
Processing by TasksController#index as HTML
  Rendering tasks/index.html.erb within layouts/application
  Rendered tasks/index.html.erb within layouts/application (0.4ms)
Completed 200 OK in 17ms (Views: 15.2ms | ActiveRecord: 0.0ms)


Started GET "/tasks" for 127.0.0.1 at 2018-09-17 14:45:13 -0700
Processing by TasksController#index as HTML
  Rendering tasks/index.html.erb within layouts/application
  Rendered tasks/index.html.erb within layouts/application (0.5ms)
Completed 200 OK in 31ms (Views: 29.4ms | ActiveRecord: 0.0ms)


Started GET "/tasks" for 127.0.0.1 at 2018-09-17 14:45:22 -0700
Processing by TasksController#index as HTML
  Rendering tasks/index.html.erb within layouts/application
  Rendered tasks/index.html.erb within layouts/application (0.5ms)
Completed 200 OK in 31ms (Views: 29.7ms | ActiveRecord: 0.0ms)


Started GET "/tasks" for 127.0.0.1 at 2018-09-17 14:45:42 -0700
Processing by TasksController#index as HTML
  Rendering tasks/index.html.erb within layouts/application
  Rendered tasks/index.html.erb within layouts/application (0.8ms)
Completed 200 OK in 31ms (Views: 28.8ms | ActiveRecord: 0.0ms)


Started GET "/tasks" for 127.0.0.1 at 2018-09-17 14:45:49 -0700
Processing by TasksController#index as HTML
  Rendering tasks/index.html.erb within layouts/application
  Rendered tasks/index.html.erb within layouts/application (0.6ms)
Completed 200 OK in 33ms (Views: 31.1ms | ActiveRecord: 0.0ms)


Started GET "/tasks" for 127.0.0.1 at 2018-09-17 14:48:40 -0700
Processing by TasksController#index as HTML
  Rendering tasks/index.html.erb within layouts/application
  Rendered tasks/index.html.erb within layouts/application (0.6ms)
Completed 200 OK in 31ms (Views: 29.5ms | ActiveRecord: 0.0ms)


Started GET "/tasks" for 127.0.0.1 at 2018-09-17 14:49:16 -0700
Processing by TasksController#index as HTML
  Rendering tasks/index.html.erb within layouts/application
  Rendered tasks/index.html.erb within layouts/application (0.4ms)
Completed 200 OK in 30ms (Views: 28.7ms | ActiveRecord: 0.0ms)


Started GET "/tasks" for 127.0.0.1 at 2018-09-17 14:49:45 -0700
Processing by TasksController#index as HTML
  Rendering tasks/index.html.erb within layouts/application
  Rendered tasks/index.html.erb within layouts/application (0.5ms)
Completed 200 OK in 34ms (Views: 31.0ms | ActiveRecord: 0.0ms)


Started GET "/" for 127.0.0.1 at 2018-09-17 16:44:28 -0700
Processing by Rails::WelcomeController#index as HTML
  Rendering /Users/jfahmy/.rvm/gems/ruby-2.5.1@TaskListRails/gems/railties-5.2.1/lib/rails/templates/rails/welcome/index.html.erb
  Rendered /Users/jfahmy/.rvm/gems/ruby-2.5.1@TaskListRails/gems/railties-5.2.1/lib/rails/templates/rails/welcome/index.html.erb (4.7ms)
Completed 200 OK in 26ms (Views: 13.0ms | ActiveRecord: 0.0ms)


Started GET "/index" for 127.0.0.1 at 2018-09-17 16:44:32 -0700
  
ActionController::RoutingError (No route matches [GET] "/index"):
  
actionpack (5.2.1) lib/action_dispatch/middleware/debug_exceptions.rb:65:in `call'
web-console (3.7.0) lib/web_console/middleware.rb:135:in `call_app'
web-console (3.7.0) lib/web_console/middleware.rb:30:in `block in call'
web-console (3.7.0) lib/web_console/middleware.rb:20:in `catch'
web-console (3.7.0) lib/web_console/middleware.rb:20:in `call'
actionpack (5.2.1) lib/action_dispatch/middleware/show_exceptions.rb:33:in `call'
railties (5.2.1) lib/rails/rack/logger.rb:38:in `call_app'
railties (5.2.1) lib/rails/rack/logger.rb:26:in `block in call'
activesupport (5.2.1) lib/active_support/tagged_logging.rb:71:in `block in tagged'
activesupport (5.2.1) lib/active_support/tagged_logging.rb:28:in `tagged'
activesupport (5.2.1) lib/active_support/tagged_logging.rb:71:in `tagged'
railties (5.2.1) lib/rails/rack/logger.rb:26:in `call'
sprockets-rails (3.2.1) lib/sprockets/rails/quiet_assets.rb:13:in `call'
actionpack (5.2.1) lib/action_dispatch/middleware/remote_ip.rb:81:in `call'
actionpack (5.2.1) lib/action_dispatch/middleware/request_id.rb:27:in `call'
rack (2.0.5) lib/rack/method_override.rb:22:in `call'
rack (2.0.5) lib/rack/runtime.rb:22:in `call'
activesupport (5.2.1) lib/active_support/cache/strategy/local_cache_middleware.rb:29:in `call'
actionpack (5.2.1) lib/action_dispatch/middleware/executor.rb:14:in `call'
actionpack (5.2.1) lib/action_dispatch/middleware/static.rb:127:in `call'
rack (2.0.5) lib/rack/sendfile.rb:111:in `call'
railties (5.2.1) lib/rails/engine.rb:524:in `call'
puma (3.12.0) lib/puma/configuration.rb:225:in `call'
puma (3.12.0) lib/puma/server.rb:658:in `handle_request'
puma (3.12.0) lib/puma/server.rb:472:in `process_client'
puma (3.12.0) lib/puma/server.rb:332:in `block in run'
puma (3.12.0) lib/puma/thread_pool.rb:133:in `block in spawn_thread'
Started GET "/tasks" for 127.0.0.1 at 2018-09-17 16:44:54 -0700
Processing by TasksController#index as HTML
  Rendering tasks/index.html.erb within layouts/application
  Rendered tasks/index.html.erb within layouts/application (0.6ms)
Completed 200 OK in 373ms (Views: 370.2ms | ActiveRecord: 0.0ms)


Started GET "/tasks/1" for 127.0.0.1 at 2018-09-17 16:48:34 -0700
  
ActionController::RoutingError (No route matches [GET] "/tasks/1"):
  
actionpack (5.2.1) lib/action_dispatch/middleware/debug_exceptions.rb:65:in `call'
web-console (3.7.0) lib/web_console/middleware.rb:135:in `call_app'
web-console (3.7.0) lib/web_console/middleware.rb:30:in `block in call'
web-console (3.7.0) lib/web_console/middleware.rb:20:in `catch'
web-console (3.7.0) lib/web_console/middleware.rb:20:in `call'
actionpack (5.2.1) lib/action_dispatch/middleware/show_exceptions.rb:33:in `call'
railties (5.2.1) lib/rails/rack/logger.rb:38:in `call_app'
railties (5.2.1) lib/rails/rack/logger.rb:26:in `block in call'
activesupport (5.2.1) lib/active_support/tagged_logging.rb:71:in `block in tagged'
activesupport (5.2.1) lib/active_support/tagged_logging.rb:28:in `tagged'
activesupport (5.2.1) lib/active_support/tagged_logging.rb:71:in `tagged'
railties (5.2.1) lib/rails/rack/logger.rb:26:in `call'
sprockets-rails (3.2.1) lib/sprockets/rails/quiet_assets.rb:13:in `call'
actionpack (5.2.1) lib/action_dispatch/middleware/remote_ip.rb:81:in `call'
actionpack (5.2.1) lib/action_dispatch/middleware/request_id.rb:27:in `call'
rack (2.0.5) lib/rack/method_override.rb:22:in `call'
rack (2.0.5) lib/rack/runtime.rb:22:in `call'
activesupport (5.2.1) lib/active_support/cache/strategy/local_cache_middleware.rb:29:in `call'
actionpack (5.2.1) lib/action_dispatch/middleware/executor.rb:14:in `call'
actionpack (5.2.1) lib/action_dispatch/middleware/static.rb:127:in `call'
rack (2.0.5) lib/rack/sendfile.rb:111:in `call'
railties (5.2.1) lib/rails/engine.rb:524:in `call'
puma (3.12.0) lib/puma/configuration.rb:225:in `call'
puma (3.12.0) lib/puma/server.rb:658:in `handle_request'
puma (3.12.0) lib/puma/server.rb:472:in `process_client'
puma (3.12.0) lib/puma/server.rb:332:in `block in run'
puma (3.12.0) lib/puma/thread_pool.rb:133:in `block in spawn_thread'
Started GET "/tasks/1" for 127.0.0.1 at 2018-09-17 16:49:07 -0700
Processing by TasksController#show as HTML
  Parameters: {"id"=>"1"}
Completed 500 Internal Server Error in 2ms (ActiveRecord: 0.0ms)


  
NoMethodError (undefined method `find' for nil:NilClass):
  
app/controllers/tasks_controller.rb:15:in `show'
Started GET "/tasks/1" for 127.0.0.1 at 2018-09-17 16:49:58 -0700
Processing by TasksController#show as HTML
  Parameters: {"id"=>"1"}
  Rendering tasks/show.html.erb within layouts/application
  Rendered tasks/show.html.erb within layouts/application (0.5ms)
Completed 200 OK in 33ms (Views: 30.9ms | ActiveRecord: 0.0ms)


Started GET "/tasks/1" for 127.0.0.1 at 2018-09-17 16:51:13 -0700
Processing by TasksController#show as HTML
  Parameters: {"id"=>"1"}
  Rendering tasks/show.html.erb within layouts/application
  Rendered tasks/show.html.erb within layouts/application (0.4ms)
Completed 200 OK in 22ms (Views: 20.6ms | ActiveRecord: 0.0ms)


Started GET "/tasks/3" for 127.0.0.1 at 2018-09-17 16:51:53 -0700
Processing by TasksController#show as HTML
  Parameters: {"id"=>"3"}
  Rendering tasks/show.html.erb within layouts/application
  Rendered tasks/show.html.erb within layouts/application (0.3ms)
Completed 200 OK in 21ms (Views: 18.9ms | ActiveRecord: 0.0ms)


Started GET "/tasks/3" for 127.0.0.1 at 2018-09-17 16:56:08 -0700
Processing by TasksController#show as HTML
  Parameters: {"id"=>"3"}
  Rendering tasks/show.html.erb within layouts/application
  Rendered tasks/show.html.erb within layouts/application (0.4ms)
Completed 200 OK in 25ms (Views: 23.2ms | ActiveRecord: 0.0ms)


Started GET "/tasks/3" for 127.0.0.1 at 2018-09-17 16:57:43 -0700
Processing by TasksController#show as HTML
  Parameters: {"id"=>"3"}
  Rendering tasks/show.html.erb within layouts/application
  Rendered tasks/show.html.erb within layouts/application (1.4ms)
Completed 200 OK in 31ms (Views: 29.2ms | ActiveRecord: 0.0ms)


Started GET "/tasks/3" for 127.0.0.1 at 2018-09-17 16:58:16 -0700
Processing by TasksController#show as HTML
  Parameters: {"id"=>"3"}
  Rendering tasks/show.html.erb within layouts/application
  Rendered tasks/show.html.erb within layouts/application (0.8ms)
Completed 200 OK in 22ms (Views: 20.2ms | ActiveRecord: 0.0ms)


Started GET "/tasks/3" for 127.0.0.1 at 2018-09-17 17:01:38 -0700
Processing by TasksController#show as HTML
  Parameters: {"id"=>"3"}
  Rendering tasks/show.html.erb within layouts/application
  Rendered tasks/show.html.erb within layouts/application (0.4ms)
Completed 200 OK in 25ms (Views: 23.5ms | ActiveRecord: 0.0ms)


Started GET "/tasks/3" for 127.0.0.1 at 2018-09-17 17:03:00 -0700
Processing by TasksController#show as HTML
  Parameters: {"id"=>"3"}
  Rendering tasks/show.html.erb within layouts/application
  Rendered tasks/show.html.erb within layouts/application (0.6ms)
Completed 200 OK in 34ms (Views: 31.8ms | ActiveRecord: 0.0ms)


Started GET "/tasks/3" for 127.0.0.1 at 2018-09-17 17:03:14 -0700
Processing by TasksController#show as HTML
  Parameters: {"id"=>"3"}
  Rendering tasks/show.html.erb within layouts/application
  Rendered tasks/show.html.erb within layouts/application (1.4ms)
Completed 200 OK in 41ms (Views: 39.3ms | ActiveRecord: 0.0ms)


Started GET "/tasks/3" for 127.0.0.1 at 2018-09-17 17:03:24 -0700
Processing by TasksController#show as HTML
  Parameters: {"id"=>"3"}
  Rendering tasks/show.html.erb within layouts/application
  Rendered tasks/show.html.erb within layouts/application (0.4ms)
Completed 200 OK in 31ms (Views: 29.6ms | ActiveRecord: 0.0ms)


Started GET "/tasks/3" for 127.0.0.1 at 2018-09-17 17:03:36 -0700
Processing by TasksController#show as HTML
  Parameters: {"id"=>"3"}
  Rendering tasks/show.html.erb within layouts/application
  Rendered tasks/show.html.erb within layouts/application (1.8ms)
Completed 200 OK in 38ms (Views: 36.1ms | ActiveRecord: 0.0ms)


Started GET "/tasks/3" for 127.0.0.1 at 2018-09-17 17:03:51 -0700
Processing by TasksController#show as HTML
  Parameters: {"id"=>"3"}
  Rendering tasks/show.html.erb within layouts/application
  Rendered tasks/show.html.erb within layouts/application (0.5ms)
Completed 200 OK in 28ms (Views: 26.3ms | ActiveRecord: 0.0ms)


Started GET "/tasks/3" for 127.0.0.1 at 2018-09-17 17:04:18 -0700
Processing by TasksController#show as HTML
  Parameters: {"id"=>"3"}
  Rendering tasks/show.html.erb within layouts/application
  Rendered tasks/show.html.erb within layouts/application (0.5ms)
Completed 200 OK in 24ms (Views: 22.1ms | ActiveRecord: 0.0ms)


Started GET "/tasks/3" for 127.0.0.1 at 2018-09-17 17:04:32 -0700
Processing by TasksController#show as HTML
  Parameters: {"id"=>"3"}
  Rendering tasks/show.html.erb within layouts/application
  Rendered tasks/show.html.erb within layouts/application (0.5ms)
Completed 200 OK in 26ms (Views: 24.6ms | ActiveRecord: 0.0ms)


Started GET "/tasks/" for 127.0.0.1 at 2018-09-17 17:07:32 -0700
Processing by TasksController#index as HTML
  Rendering tasks/index.html.erb within layouts/application
  Rendered tasks/index.html.erb within layouts/application (0.4ms)
Completed 200 OK in 25ms (Views: 23.1ms | ActiveRecord: 0.0ms)


Started GET "/tasks/3" for 127.0.0.1 at 2018-09-17 17:08:48 -0700
Processing by TasksController#show as HTML
  Parameters: {"id"=>"3"}
  Rendering tasks/show.html.erb within layouts/application
  Rendered tasks/show.html.erb within layouts/application (0.4ms)
Completed 200 OK in 23ms (Views: 21.0ms | ActiveRecord: 0.0ms)


Started GET "/tasks/" for 127.0.0.1 at 2018-09-18 09:10:40 -0700
Processing by TasksController#index as HTML
  Rendering tasks/index.html.erb within layouts/application
  Rendered tasks/index.html.erb within layouts/application (6.1ms)
Completed 500 Internal Server Error in 25ms (ActiveRecord: 0.0ms)


  
ActionView::Template::Error (undefined method `name' for #<Hash:0x00007fbd2b581fc0>):
    3:   <ol>
    4:     <% @tasks.each do |task| %>
    5:       <li>
    6:         <%= task.name %>
    7:         <ul>
    8:           <li>
    9:             Mark Complete
  
app/views/tasks/index.html.erb:6:in `block in _app_views_tasks_index_html_erb__71960435891422739_70225195809760'
app/views/tasks/index.html.erb:4:in `each'
app/views/tasks/index.html.erb:4:in `_app_views_tasks_index_html_erb__71960435891422739_70225195809760'
Started GET "/tasks/" for 127.0.0.1 at 2018-09-18 09:10:57 -0700
Processing by TasksController#index as HTML
  Rendering tasks/index.html.erb within layouts/application
  Rendered tasks/index.html.erb within layouts/application (4.5ms)
Completed 500 Internal Server Error in 11ms (ActiveRecord: 0.0ms)


  
ActionView::Template::Error (undefined method `name' for #<Hash:0x00007fbd2b581fc0>):
    3:   <ol>
    4:     <% @tasks.each do |task| %>
    5:       <li>
    6:         <%= task.name %>
    7:         <ul>
    8:           <li>
    9:             Mark Complete
  
app/views/tasks/index.html.erb:6:in `block in _app_views_tasks_index_html_erb__71960435891422739_70225198601960'
app/views/tasks/index.html.erb:4:in `each'
app/views/tasks/index.html.erb:4:in `_app_views_tasks_index_html_erb__71960435891422739_70225198601960'
Started GET "/tasks/" for 127.0.0.1 at 2018-09-18 09:11:00 -0700
Processing by TasksController#index as HTML
  Rendering tasks/index.html.erb within layouts/application
  Rendered tasks/index.html.erb within layouts/application (2.8ms)
Completed 500 Internal Server Error in 9ms (ActiveRecord: 0.0ms)


  
ActionView::Template::Error (undefined method `name' for #<Hash:0x00007fbd2b581fc0>):
    3:   <ol>
    4:     <% @tasks.each do |task| %>
    5:       <li>
    6:         <%= task.name %>
    7:         <ul>
    8:           <li>
    9:             Mark Complete
  
app/views/tasks/index.html.erb:6:in `block in _app_views_tasks_index_html_erb__71960435891422739_70225195592880'
app/views/tasks/index.html.erb:4:in `each'
app/views/tasks/index.html.erb:4:in `_app_views_tasks_index_html_erb__71960435891422739_70225195592880'
Started GET "/tasks/" for 127.0.0.1 at 2018-09-18 09:11:02 -0700
Processing by TasksController#index as HTML
  Rendering tasks/index.html.erb within layouts/application
  Rendered tasks/index.html.erb within layouts/application (3.4ms)
Completed 500 Internal Server Error in 8ms (ActiveRecord: 0.0ms)


  
ActionView::Template::Error (undefined method `name' for #<Hash:0x00007fbd2b581fc0>):
    3:   <ol>
    4:     <% @tasks.each do |task| %>
    5:       <li>
    6:         <%= task.name %>
    7:         <ul>
    8:           <li>
    9:             Mark Complete
  
app/views/tasks/index.html.erb:6:in `block in _app_views_tasks_index_html_erb__71960435891422739_70225206900840'
app/views/tasks/index.html.erb:4:in `each'
app/views/tasks/index.html.erb:4:in `_app_views_tasks_index_html_erb__71960435891422739_70225206900840'
Started GET "/tasks/" for 127.0.0.1 at 2018-09-18 09:11:14 -0700
Processing by TasksController#index as HTML
  Rendering tasks/index.html.erb within layouts/application
  Rendered tasks/index.html.erb within layouts/application (5.2ms)
Completed 500 Internal Server Error in 22ms (ActiveRecord: 0.0ms)


  
ActionView::Template::Error (undefined method `name' for #<Hash:0x00007f8212359fa8>):
    3:   <ol>
    4:     <% @tasks.each do |task| %>
    5:       <li>
    6:         <%= task.name %>
    7:         <ul>
    8:           <li>
    9:             Mark Complete
  
app/views/tasks/index.html.erb:6:in `block in _app_views_tasks_index_html_erb__3171618666778473462_70098288146180'
app/views/tasks/index.html.erb:4:in `each'
app/views/tasks/index.html.erb:4:in `_app_views_tasks_index_html_erb__3171618666778473462_70098288146180'
Started GET "/tasks/" for 127.0.0.1 at 2018-09-18 09:11:23 -0700
Processing by TasksController#index as HTML
  Rendering tasks/index.html.erb within layouts/application
  Rendered tasks/index.html.erb within layouts/application (0.4ms)
Completed 200 OK in 254ms (Views: 252.8ms | ActiveRecord: 0.0ms)


  [1m[35m (30.6ms)[0m  [1m[35mCREATE TABLE "schema_migrations" ("version" character varying NOT NULL PRIMARY KEY)[0m
  ↳ bin/rails:9
  [1m[35m (7.7ms)[0m  [1m[35mCREATE TABLE "ar_internal_metadata" ("key" character varying NOT NULL PRIMARY KEY, "value" character varying, "created_at" timestamp NOT NULL, "updated_at" timestamp NOT NULL)[0m
  ↳ bin/rails:9
  [1m[35m (0.2ms)[0m  [1m[34mSELECT pg_try_advisory_lock(4169262226251541860)[0m
  ↳ bin/rails:9
  [1m[35m (1.0ms)[0m  [1m[34mSELECT "schema_migrations"."version" FROM "schema_migrations" ORDER BY "schema_migrations"."version" ASC[0m
  ↳ bin/rails:9
Migrating to CreateTasks (20180918211636)
  [1m[35m (0.1ms)[0m  [1m[35mBEGIN[0m
  ↳ bin/rails:9
  [1m[35m (12.9ms)[0m  [1m[35mCREATE TABLE "tasks" ("id" bigserial primary key, "name" character varying, "description" character varying, "completion_time" time, "created_at" timestamp NOT NULL, "updated_at" timestamp NOT NULL)[0m
  ↳ db/migrate/20180918211636_create_tasks.rb:3
  [1m[36mActiveRecord::SchemaMigration Create (0.6ms)[0m  [1m[32mINSERT INTO "schema_migrations" ("version") VALUES ($1) RETURNING "version"[0m  [["version", "20180918211636"]]
  ↳ bin/rails:9
  [1m[35m (0.4ms)[0m  [1m[35mCOMMIT[0m
  ↳ bin/rails:9
  [1m[36mActiveRecord::InternalMetadata Load (0.7ms)[0m  [1m[34mSELECT  "ar_internal_metadata".* FROM "ar_internal_metadata" WHERE "ar_internal_metadata"."key" = $1 LIMIT $2[0m  [["key", "environment"], ["LIMIT", 1]]
  ↳ bin/rails:9
  [1m[35m (0.2ms)[0m  [1m[35mBEGIN[0m
  ↳ bin/rails:9
  [1m[36mActiveRecord::InternalMetadata Create (0.4ms)[0m  [1m[32mINSERT INTO "ar_internal_metadata" ("key", "value", "created_at", "updated_at") VALUES ($1, $2, $3, $4) RETURNING "key"[0m  [["key", "environment"], ["value", "development"], ["created_at", "2018-09-18 21:18:13.129940"], ["updated_at", "2018-09-18 21:18:13.129940"]]
  ↳ bin/rails:9
  [1m[35m (0.4ms)[0m  [1m[35mCOMMIT[0m
  ↳ bin/rails:9
  [1m[35m (0.2ms)[0m  [1m[34mSELECT pg_advisory_unlock(4169262226251541860)[0m
  ↳ bin/rails:9
  [1m[35m (0.4ms)[0m  [1m[34mSELECT "schema_migrations"."version" FROM "schema_migrations" ORDER BY "schema_migrations"."version" ASC[0m
  ↳ bin/rails:9
  [1m[35m (1.0ms)[0m  [1m[35mBEGIN[0m
  [1m[36mTask Create (8.4ms)[0m  [1m[32mINSERT INTO "tasks" ("id", "name", "description", "completion_time", "created_at", "updated_at") VALUES ($1, $2, $3, $4, $5, $6) RETURNING "id"[0m  [["id", 10], ["name", "Chug Water"], ["description", "Everyone must hydrate!!!"], ["completion_time", "14:00:00"], ["created_at", "2018-09-18 21:26:12.550593"], ["updated_at", "2018-09-18 21:26:12.550593"]]
  [1m[35m (5.6ms)[0m  [1m[35mCOMMIT[0m
  [1m[35m (0.2ms)[0m  [1m[35mBEGIN[0m
  [1m[36mTask Create (0.8ms)[0m  [1m[32mINSERT INTO "tasks" ("id", "name", "description", "completion_time", "created_at", "updated_at") VALUES ($1, $2, $3, $4, $5, $6) RETURNING "id"[0m  [["id", 11], ["name", "Stretch"], ["description", "Get flexy and stretchy for a bit, preferably with a back round tune."], ["completion_time", "14:15:00"], ["created_at", "2018-09-18 21:31:02.141956"], ["updated_at", "2018-09-18 21:31:02.141956"]]
  [1m[35m (2.7ms)[0m  [1m[35mCOMMIT[0m
  [1m[35m (0.2ms)[0m  [1m[35mBEGIN[0m
  [1m[36mTask Create (0.5ms)[0m  [1m[32mINSERT INTO "tasks" ("id", "name", "description", "completion_time", "created_at", "updated_at") VALUES ($1, $2, $3, $4, $5, $6) RETURNING "id"[0m  [["id", 12], ["name", "Meditate"], ["description", "Grab those mala beads and recite some affirmations. Or, at least keep your eyes closed and breath."], ["completion_time", "14:30:00"], ["created_at", "2018-09-18 21:31:54.082168"], ["updated_at", "2018-09-18 21:31:54.082168"]]
  [1m[35m (3.3ms)[0m  [1m[35mCOMMIT[0m
  [1m[35m (0.2ms)[0m  [1m[35mBEGIN[0m
  [1m[36mTask Create (0.4ms)[0m  [1m[32mINSERT INTO "tasks" ("id", "name", "description", "completion_time", "created_at", "updated_at") VALUES ($1, $2, $3, $4, $5, $6) RETURNING "id"[0m  [["id", 13], ["name", "Read Grokking Algorithms"], ["description", "Put in 20 minutes with the Grokking book. Sketch out solutions in your notebook."], ["completion_time", "14:55:00"], ["created_at", "2018-09-18 21:33:08.349044"], ["updated_at", "2018-09-18 21:33:08.349044"]]
  [1m[35m (2.0ms)[0m  [1m[35mCOMMIT[0m
  [1m[36mTask Load (0.7ms)[0m  [1m[34mSELECT  "tasks".* FROM "tasks" LIMIT $1[0m  [["LIMIT", 11]]
  [1m[35m (6.1ms)[0m  [1m[34mSELECT COUNT(*) FROM "tasks"[0m
Started GET "/" for 127.0.0.1 at 2018-09-18 14:34:28 -0700
  [1m[35m (0.8ms)[0m  [1m[34mSELECT "schema_migrations"."version" FROM "schema_migrations" ORDER BY "schema_migrations"."version" ASC[0m
  ↳ /Users/jfahmy/.rvm/gems/ruby-2.5.1@TaskListRails/gems/activerecord-5.2.1/lib/active_record/log_subscriber.rb:98
Processing by Rails::WelcomeController#index as HTML
  Rendering /Users/jfahmy/.rvm/gems/ruby-2.5.1@TaskListRails/gems/railties-5.2.1/lib/rails/templates/rails/welcome/index.html.erb
  Rendered /Users/jfahmy/.rvm/gems/ruby-2.5.1@TaskListRails/gems/railties-5.2.1/lib/rails/templates/rails/welcome/index.html.erb (7.2ms)
Completed 200 OK in 29ms (Views: 14.1ms | ActiveRecord: 0.0ms)


Started GET "/index" for 127.0.0.1 at 2018-09-18 14:34:31 -0700
  
ActionController::RoutingError (No route matches [GET] "/index"):
  
actionpack (5.2.1) lib/action_dispatch/middleware/debug_exceptions.rb:65:in `call'
web-console (3.7.0) lib/web_console/middleware.rb:135:in `call_app'
web-console (3.7.0) lib/web_console/middleware.rb:30:in `block in call'
web-console (3.7.0) lib/web_console/middleware.rb:20:in `catch'
web-console (3.7.0) lib/web_console/middleware.rb:20:in `call'
actionpack (5.2.1) lib/action_dispatch/middleware/show_exceptions.rb:33:in `call'
railties (5.2.1) lib/rails/rack/logger.rb:38:in `call_app'
railties (5.2.1) lib/rails/rack/logger.rb:26:in `block in call'
activesupport (5.2.1) lib/active_support/tagged_logging.rb:71:in `block in tagged'
activesupport (5.2.1) lib/active_support/tagged_logging.rb:28:in `tagged'
activesupport (5.2.1) lib/active_support/tagged_logging.rb:71:in `tagged'
railties (5.2.1) lib/rails/rack/logger.rb:26:in `call'
sprockets-rails (3.2.1) lib/sprockets/rails/quiet_assets.rb:13:in `call'
actionpack (5.2.1) lib/action_dispatch/middleware/remote_ip.rb:81:in `call'
actionpack (5.2.1) lib/action_dispatch/middleware/request_id.rb:27:in `call'
rack (2.0.5) lib/rack/method_override.rb:22:in `call'
rack (2.0.5) lib/rack/runtime.rb:22:in `call'
activesupport (5.2.1) lib/active_support/cache/strategy/local_cache_middleware.rb:29:in `call'
actionpack (5.2.1) lib/action_dispatch/middleware/executor.rb:14:in `call'
actionpack (5.2.1) lib/action_dispatch/middleware/static.rb:127:in `call'
rack (2.0.5) lib/rack/sendfile.rb:111:in `call'
railties (5.2.1) lib/rails/engine.rb:524:in `call'
puma (3.12.0) lib/puma/configuration.rb:225:in `call'
puma (3.12.0) lib/puma/server.rb:658:in `handle_request'
puma (3.12.0) lib/puma/server.rb:472:in `process_client'
puma (3.12.0) lib/puma/server.rb:332:in `block in run'
puma (3.12.0) lib/puma/thread_pool.rb:133:in `block in spawn_thread'
Started GET "/tasks" for 127.0.0.1 at 2018-09-18 14:34:39 -0700
  
SyntaxError (/Users/jfahmy/ada/week-7/TaskList/app/controllers/tasks_controller.rb:15: syntax error, unexpected tSTRING_DEND, expecting ')'
...  @task = Task.find_by(id: id }
...                              ^):
  
app/controllers/tasks_controller.rb:15: syntax error, unexpected tSTRING_DEND, expecting ')'
Started GET "/task" for 127.0.0.1 at 2018-09-18 14:35:10 -0700
  
ActionController::RoutingError (No route matches [GET] "/task"):
  
actionpack (5.2.1) lib/action_dispatch/middleware/debug_exceptions.rb:65:in `call'
web-console (3.7.0) lib/web_console/middleware.rb:135:in `call_app'
web-console (3.7.0) lib/web_console/middleware.rb:30:in `block in call'
web-console (3.7.0) lib/web_console/middleware.rb:20:in `catch'
web-console (3.7.0) lib/web_console/middleware.rb:20:in `call'
actionpack (5.2.1) lib/action_dispatch/middleware/show_exceptions.rb:33:in `call'
railties (5.2.1) lib/rails/rack/logger.rb:38:in `call_app'
railties (5.2.1) lib/rails/rack/logger.rb:26:in `block in call'
activesupport (5.2.1) lib/active_support/tagged_logging.rb:71:in `block in tagged'
activesupport (5.2.1) lib/active_support/tagged_logging.rb:28:in `tagged'
activesupport (5.2.1) lib/active_support/tagged_logging.rb:71:in `tagged'
railties (5.2.1) lib/rails/rack/logger.rb:26:in `call'
sprockets-rails (3.2.1) lib/sprockets/rails/quiet_assets.rb:13:in `call'
actionpack (5.2.1) lib/action_dispatch/middleware/remote_ip.rb:81:in `call'
actionpack (5.2.1) lib/action_dispatch/middleware/request_id.rb:27:in `call'
rack (2.0.5) lib/rack/method_override.rb:22:in `call'
rack (2.0.5) lib/rack/runtime.rb:22:in `call'
activesupport (5.2.1) lib/active_support/cache/strategy/local_cache_middleware.rb:29:in `call'
actionpack (5.2.1) lib/action_dispatch/middleware/executor.rb:14:in `call'
actionpack (5.2.1) lib/action_dispatch/middleware/static.rb:127:in `call'
rack (2.0.5) lib/rack/sendfile.rb:111:in `call'
railties (5.2.1) lib/rails/engine.rb:524:in `call'
puma (3.12.0) lib/puma/configuration.rb:225:in `call'
puma (3.12.0) lib/puma/server.rb:658:in `handle_request'
puma (3.12.0) lib/puma/server.rb:472:in `process_client'
puma (3.12.0) lib/puma/server.rb:332:in `block in run'
puma (3.12.0) lib/puma/thread_pool.rb:133:in `block in spawn_thread'
Started GET "/show/2" for 127.0.0.1 at 2018-09-18 14:35:14 -0700
  
ActionController::RoutingError (No route matches [GET] "/show/2"):
  
actionpack (5.2.1) lib/action_dispatch/middleware/debug_exceptions.rb:65:in `call'
web-console (3.7.0) lib/web_console/middleware.rb:135:in `call_app'
web-console (3.7.0) lib/web_console/middleware.rb:30:in `block in call'
web-console (3.7.0) lib/web_console/middleware.rb:20:in `catch'
web-console (3.7.0) lib/web_console/middleware.rb:20:in `call'
actionpack (5.2.1) lib/action_dispatch/middleware/show_exceptions.rb:33:in `call'
railties (5.2.1) lib/rails/rack/logger.rb:38:in `call_app'
railties (5.2.1) lib/rails/rack/logger.rb:26:in `block in call'
activesupport (5.2.1) lib/active_support/tagged_logging.rb:71:in `block in tagged'
activesupport (5.2.1) lib/active_support/tagged_logging.rb:28:in `tagged'
activesupport (5.2.1) lib/active_support/tagged_logging.rb:71:in `tagged'
railties (5.2.1) lib/rails/rack/logger.rb:26:in `call'
sprockets-rails (3.2.1) lib/sprockets/rails/quiet_assets.rb:13:in `call'
actionpack (5.2.1) lib/action_dispatch/middleware/remote_ip.rb:81:in `call'
actionpack (5.2.1) lib/action_dispatch/middleware/request_id.rb:27:in `call'
rack (2.0.5) lib/rack/method_override.rb:22:in `call'
rack (2.0.5) lib/rack/runtime.rb:22:in `call'
activesupport (5.2.1) lib/active_support/cache/strategy/local_cache_middleware.rb:29:in `call'
actionpack (5.2.1) lib/action_dispatch/middleware/executor.rb:14:in `call'
actionpack (5.2.1) lib/action_dispatch/middleware/static.rb:127:in `call'
rack (2.0.5) lib/rack/sendfile.rb:111:in `call'
railties (5.2.1) lib/rails/engine.rb:524:in `call'
puma (3.12.0) lib/puma/configuration.rb:225:in `call'
puma (3.12.0) lib/puma/server.rb:658:in `handle_request'
puma (3.12.0) lib/puma/server.rb:472:in `process_client'
puma (3.12.0) lib/puma/server.rb:332:in `block in run'
puma (3.12.0) lib/puma/thread_pool.rb:133:in `block in spawn_thread'
Started GET "/show" for 127.0.0.1 at 2018-09-18 14:35:16 -0700
  
ActionController::RoutingError (No route matches [GET] "/show"):
  
actionpack (5.2.1) lib/action_dispatch/middleware/debug_exceptions.rb:65:in `call'
web-console (3.7.0) lib/web_console/middleware.rb:135:in `call_app'
web-console (3.7.0) lib/web_console/middleware.rb:30:in `block in call'
web-console (3.7.0) lib/web_console/middleware.rb:20:in `catch'
web-console (3.7.0) lib/web_console/middleware.rb:20:in `call'
actionpack (5.2.1) lib/action_dispatch/middleware/show_exceptions.rb:33:in `call'
railties (5.2.1) lib/rails/rack/logger.rb:38:in `call_app'
railties (5.2.1) lib/rails/rack/logger.rb:26:in `block in call'
activesupport (5.2.1) lib/active_support/tagged_logging.rb:71:in `block in tagged'
activesupport (5.2.1) lib/active_support/tagged_logging.rb:28:in `tagged'
activesupport (5.2.1) lib/active_support/tagged_logging.rb:71:in `tagged'
railties (5.2.1) lib/rails/rack/logger.rb:26:in `call'
sprockets-rails (3.2.1) lib/sprockets/rails/quiet_assets.rb:13:in `call'
actionpack (5.2.1) lib/action_dispatch/middleware/remote_ip.rb:81:in `call'
actionpack (5.2.1) lib/action_dispatch/middleware/request_id.rb:27:in `call'
rack (2.0.5) lib/rack/method_override.rb:22:in `call'
rack (2.0.5) lib/rack/runtime.rb:22:in `call'
activesupport (5.2.1) lib/active_support/cache/strategy/local_cache_middleware.rb:29:in `call'
actionpack (5.2.1) lib/action_dispatch/middleware/executor.rb:14:in `call'
actionpack (5.2.1) lib/action_dispatch/middleware/static.rb:127:in `call'
rack (2.0.5) lib/rack/sendfile.rb:111:in `call'
railties (5.2.1) lib/rails/engine.rb:524:in `call'
puma (3.12.0) lib/puma/configuration.rb:225:in `call'
puma (3.12.0) lib/puma/server.rb:658:in `handle_request'
puma (3.12.0) lib/puma/server.rb:472:in `process_client'
puma (3.12.0) lib/puma/server.rb:332:in `block in run'
puma (3.12.0) lib/puma/thread_pool.rb:133:in `block in spawn_thread'
Started GET "/tasks" for 127.0.0.1 at 2018-09-18 14:35:42 -0700
  
SyntaxError (/Users/jfahmy/ada/week-7/TaskList/app/controllers/tasks_controller.rb:15: syntax error, unexpected tSTRING_DEND, expecting ')'
...  @task = Task.find_by(id: id }
...                              ^):
  
app/controllers/tasks_controller.rb:15: syntax error, unexpected tSTRING_DEND, expecting ')'
Started GET "/tasks" for 127.0.0.1 at 2018-09-18 14:35:58 -0700
Processing by TasksController#index as HTML
  Rendering tasks/index.html.erb within layouts/application
  [1m[36mTask Load (8.5ms)[0m  [1m[34mSELECT "tasks".* FROM "tasks" ORDER BY "tasks"."time" ASC[0m
  ↳ app/views/tasks/index.html.erb:4
  Rendered tasks/index.html.erb within layouts/application (11.1ms)
Completed 500 Internal Server Error in 21ms (ActiveRecord: 8.5ms)


  
ActionView::Template::Error (PG::UndefinedColumn: ERROR:  column tasks.time does not exist
LINE 1: SELECT "tasks".* FROM "tasks" ORDER BY "tasks"."time" ASC
                                               ^
HINT:  Perhaps you meant to reference the column "tasks.name".
: SELECT "tasks".* FROM "tasks" ORDER BY "tasks"."time" ASC):
    1: <section class="task-box">
    2:   <h3>My morning routine:</h3>
    3:   <ol>
    4:     <% @tasks.each do |task| %>
    5:       <li>
    6:         <%= task[:name] %>
    7:         <ul>
  
app/views/tasks/index.html.erb:4:in `_app_views_tasks_index_html_erb___1810552715010955659_70181439743780'
Started GET "/tasks" for 127.0.0.1 at 2018-09-18 14:36:10 -0700
Processing by TasksController#index as HTML
  Rendering tasks/index.html.erb within layouts/application
  [1m[36mTask Load (0.8ms)[0m  [1m[34mSELECT "tasks".* FROM "tasks" ORDER BY "tasks"."time" ASC[0m
  ↳ app/views/tasks/index.html.erb:4
  Rendered tasks/index.html.erb within layouts/application (2.7ms)
Completed 500 Internal Server Error in 8ms (ActiveRecord: 0.8ms)


  
ActionView::Template::Error (PG::UndefinedColumn: ERROR:  column tasks.time does not exist
LINE 1: SELECT "tasks".* FROM "tasks" ORDER BY "tasks"."time" ASC
                                               ^
HINT:  Perhaps you meant to reference the column "tasks.name".
: SELECT "tasks".* FROM "tasks" ORDER BY "tasks"."time" ASC):
    1: <section class="task-box">
    2:   <h3>My morning routine:</h3>
    3:   <ol>
    4:     <% @tasks.each do |task| %>
    5:       <li>
    6:         <%= task[:name] %>
    7:         <ul>
  
app/views/tasks/index.html.erb:4:in `_app_views_tasks_index_html_erb___1810552715010955659_70181437668940'
Started GET "/tasks" for 127.0.0.1 at 2018-09-18 14:36:59 -0700
Processing by TasksController#index as HTML
  Rendering tasks/index.html.erb within layouts/application
  [1m[36mTask Load (1.2ms)[0m  [1m[34mSELECT "tasks".* FROM "tasks" ORDER BY "tasks"."time" ASC[0m
  ↳ app/views/tasks/index.html.erb:4
  Rendered tasks/index.html.erb within layouts/application (3.1ms)
Completed 500 Internal Server Error in 8ms (ActiveRecord: 1.2ms)


  
ActionView::Template::Error (PG::UndefinedColumn: ERROR:  column tasks.time does not exist
LINE 1: SELECT "tasks".* FROM "tasks" ORDER BY "tasks"."time" ASC
                                               ^
HINT:  Perhaps you meant to reference the column "tasks.name".
: SELECT "tasks".* FROM "tasks" ORDER BY "tasks"."time" ASC):
    1: <section class="task-box">
    2:   <h3>My morning routine:</h3>
    3:   <ol>
    4:     <% @tasks.each do |task| %>
    5:       <li>
    6:         <%= task.name %>
    7:         <ul>
  
app/views/tasks/index.html.erb:4:in `_app_views_tasks_index_html_erb___1810552715010955659_70181464854780'
Started GET "/tasks" for 127.0.0.1 at 2018-09-18 14:39:25 -0700
Processing by TasksController#index as HTML
  Rendering tasks/index.html.erb within layouts/application
  [1m[36mTask Load (2.2ms)[0m  [1m[34mSELECT "tasks".* FROM "tasks" ORDER BY "tasks"."completion_time" ASC[0m
  ↳ app/views/tasks/index.html.erb:4
  Rendered tasks/index.html.erb within layouts/application (19.4ms)
Completed 200 OK in 248ms (Views: 234.7ms | ActiveRecord: 10.5ms)


Started GET "/tasks" for 127.0.0.1 at 2018-09-18 14:52:45 -0700
Processing by TasksController#index as HTML
  Rendering tasks/index.html.erb within layouts/application
  [1m[36mTask Load (1.2ms)[0m  [1m[34mSELECT "tasks".* FROM "tasks" ORDER BY "tasks"."completion_time" ASC[0m
  ↳ app/views/tasks/index.html.erb:4
  Rendered tasks/index.html.erb within layouts/application (2.5ms)
Completed 200 OK in 21ms (Views: 18.5ms | ActiveRecord: 1.2ms)


Started GET "/tasks/2" for 127.0.0.1 at 2018-09-18 14:52:48 -0700
Processing by TasksController#show as HTML
  Parameters: {"id"=>"2"}
  [1m[36mTask Load (0.4ms)[0m  [1m[34mSELECT  "tasks".* FROM "tasks" WHERE "tasks"."id" = $1 LIMIT $2[0m  [["id", 2], ["LIMIT", 1]]
  ↳ app/controllers/tasks_controller.rb:15
  Rendering tasks/show.html.erb within layouts/application
  Rendered tasks/show.html.erb within layouts/application (0.6ms)
Completed 500 Internal Server Error in 18ms (ActiveRecord: 0.6ms)


  
SyntaxError (/Users/jfahmy/ada/week-7/TaskList/app/views/tasks/show.html.erb:2: syntax error, unexpected ')', expecting keyword_then or ';' or '\n'
...buffer.append=( if @task.nil? );@output_buffer.safe_append='
...                              ^
/Users/jfahmy/ada/week-7/TaskList/app/views/tasks/show.html.erb:4: syntax error, unexpected keyword_else
...ze;@output_buffer.append=( else );@output_buffer.safe_append...
...                           ^~~~
/Users/jfahmy/ada/week-7/TaskList/app/views/tasks/show.html.erb:7: syntax error, unexpected tSYMBEG, expecting '('
...@output_buffer.append=( @task.:completion_time);@output_buff...
...                              ^
/Users/jfahmy/ada/week-7/TaskList/app/views/tasks/show.html.erb:8: syntax error, unexpected keyword_end
...eze;@output_buffer.append=( end );@output_buffer.safe_append...
...                            ^~~
/Users/jfahmy/ada/week-7/TaskList/app/views/tasks/show.html.erb:13: syntax error, unexpected keyword_ensure, expecting ')'
          ensure
          ^~~~~~
/Users/jfahmy/ada/week-7/TaskList/app/views/tasks/show.html.erb:15: syntax error, unexpected keyword_end, expecting ')'
          end
          ^~~):
  
app/views/tasks/show.html.erb:2: syntax error, unexpected ')', expecting keyword_then or ';' or '\n'
app/views/tasks/show.html.erb:4: syntax error, unexpected keyword_else
app/views/tasks/show.html.erb:7: syntax error, unexpected tSYMBEG, expecting '('
app/views/tasks/show.html.erb:8: syntax error, unexpected keyword_end
app/views/tasks/show.html.erb:13: syntax error, unexpected keyword_ensure, expecting ')'
app/views/tasks/show.html.erb:15: syntax error, unexpected keyword_end, expecting ')'
Started GET "/tasks/2" for 127.0.0.1 at 2018-09-18 14:53:42 -0700
Processing by TasksController#show as HTML
  Parameters: {"id"=>"2"}
  [1m[36mTask Load (0.4ms)[0m  [1m[34mSELECT  "tasks".* FROM "tasks" WHERE "tasks"."id" = $1 LIMIT $2[0m  [["id", 2], ["LIMIT", 1]]
  ↳ app/controllers/tasks_controller.rb:15
  Rendering tasks/show.html.erb within layouts/application
  Rendered tasks/show.html.erb within layouts/application (0.6ms)
Completed 500 Internal Server Error in 8ms (ActiveRecord: 0.4ms)


  
SyntaxError (/Users/jfahmy/ada/week-7/TaskList/app/views/tasks/show.html.erb:2: syntax error, unexpected ')', expecting keyword_then or ';' or '\n'
...buffer.append=( if @task.nil? );@output_buffer.safe_append='
...                              ^
/Users/jfahmy/ada/week-7/TaskList/app/views/tasks/show.html.erb:4: syntax error, unexpected keyword_else
...ze;@output_buffer.append=( else );@output_buffer.safe_append...
...                           ^~~~
/Users/jfahmy/ada/week-7/TaskList/app/views/tasks/show.html.erb:8: syntax error, unexpected keyword_end
...eze;@output_buffer.append=( end );@output_buffer.safe_append...
...                            ^~~
/Users/jfahmy/ada/week-7/TaskList/app/views/tasks/show.html.erb:13: syntax error, unexpected keyword_ensure, expecting ')'
          ensure
          ^~~~~~
/Users/jfahmy/ada/week-7/TaskList/app/views/tasks/show.html.erb:15: syntax error, unexpected keyword_end, expecting ')'
          end
          ^~~):
  
app/views/tasks/show.html.erb:2: syntax error, unexpected ')', expecting keyword_then or ';' or '\n'
app/views/tasks/show.html.erb:4: syntax error, unexpected keyword_else
app/views/tasks/show.html.erb:8: syntax error, unexpected keyword_end
app/views/tasks/show.html.erb:13: syntax error, unexpected keyword_ensure, expecting ')'
app/views/tasks/show.html.erb:15: syntax error, unexpected keyword_end, expecting ')'
Started GET "/tasks/2" for 127.0.0.1 at 2018-09-18 14:54:38 -0700
Processing by TasksController#show as HTML
  Parameters: {"id"=>"2"}
  [1m[36mTask Load (0.4ms)[0m  [1m[34mSELECT  "tasks".* FROM "tasks" WHERE "tasks"."id" = $1 LIMIT $2[0m  [["id", 2], ["LIMIT", 1]]
  ↳ app/controllers/tasks_controller.rb:15
  Rendering tasks/show.html.erb within layouts/application
  Rendered tasks/show.html.erb within layouts/application (0.4ms)
Completed 200 OK in 31ms (Views: 27.6ms | ActiveRecord: 0.4ms)


Started GET "/tasks/12" for 127.0.0.1 at 2018-09-18 14:54:43 -0700
Processing by TasksController#show as HTML
  Parameters: {"id"=>"12"}
  [1m[36mTask Load (0.4ms)[0m  [1m[34mSELECT  "tasks".* FROM "tasks" WHERE "tasks"."id" = $1 LIMIT $2[0m  [["id", 12], ["LIMIT", 1]]
  ↳ app/controllers/tasks_controller.rb:15
  Rendering tasks/show.html.erb within layouts/application
  Rendered tasks/show.html.erb within layouts/application (0.9ms)
Completed 200 OK in 23ms (Views: 20.3ms | ActiveRecord: 0.4ms)


  [1m[36mTask Load (0.6ms)[0m  [1m[34mSELECT  "tasks".* FROM "tasks" WHERE "tasks"."id" = $1 LIMIT $2[0m  [["id", 10], ["LIMIT", 1]]
  [1m[36mTask Load (0.7ms)[0m  [1m[34mSELECT  "tasks".* FROM "tasks" WHERE "tasks"."id" = $1 LIMIT $2[0m  [["id", 11], ["LIMIT", 1]]
  [1m[36mTask Load (0.5ms)[0m  [1m[34mSELECT  "tasks".* FROM "tasks" WHERE "tasks"."id" = $1 LIMIT $2[0m  [["id", 12], ["LIMIT", 1]]
  [1m[36mTask Load (0.5ms)[0m  [1m[34mSELECT  "tasks".* FROM "tasks" WHERE "tasks"."id" = $1 LIMIT $2[0m  [["id", 13], ["LIMIT", 1]]
  [1m[36mTask Load (0.4ms)[0m  [1m[34mSELECT  "tasks".* FROM "tasks" LIMIT $1[0m  [["LIMIT", 11]]
  [1m[36mTask Load (0.4ms)[0m  [1m[34mSELECT  "tasks".* FROM "tasks" WHERE "tasks"."id" = $1 LIMIT $2[0m  [["id", 10], ["LIMIT", 1]]
  [1m[35m (0.2ms)[0m  [1m[35mBEGIN[0m
  [1m[35m (0.3ms)[0m  [1m[35mCOMMIT[0m
  [1m[36mTask Load (0.5ms)[0m  [1m[34mSELECT  "tasks".* FROM "tasks" WHERE "tasks"."id" = $1 LIMIT $2[0m  [["id", 11], ["LIMIT", 1]]
  [1m[35m (0.2ms)[0m  [1m[35mBEGIN[0m
  [1m[35m (0.3ms)[0m  [1m[35mCOMMIT[0m
  [1m[36mTask Load (0.5ms)[0m  [1m[34mSELECT  "tasks".* FROM "tasks" WHERE "tasks"."id" = $1 LIMIT $2[0m  [["id", 12], ["LIMIT", 1]]
  [1m[35m (0.2ms)[0m  [1m[35mBEGIN[0m
  [1m[35m (0.3ms)[0m  [1m[35mCOMMIT[0m
  [1m[36mTask Load (0.5ms)[0m  [1m[34mSELECT  "tasks".* FROM "tasks" WHERE "tasks"."id" = $1 LIMIT $2[0m  [["id", 13], ["LIMIT", 1]]
  [1m[35m (0.2ms)[0m  [1m[35mBEGIN[0m
  [1m[35m (0.3ms)[0m  [1m[35mCOMMIT[0m
  [1m[36mTask Load (0.6ms)[0m  [1m[34mSELECT  "tasks".* FROM "tasks" LIMIT $1[0m  [["LIMIT", 11]]
Started GET "/tasks" for 127.0.0.1 at 2018-09-18 15:04:49 -0700
Processing by TasksController#index as HTML
  Rendering tasks/index.html.erb within layouts/application
  [1m[36mTask Load (1.2ms)[0m  [1m[34mSELECT "tasks".* FROM "tasks" ORDER BY "tasks"."completion_time" ASC[0m
  ↳ app/views/tasks/index.html.erb:4
  Rendered tasks/index.html.erb within layouts/application (2.7ms)
Completed 200 OK in 76ms (Views: 73.3ms | ActiveRecord: 1.2ms)


Started GET "/tasks" for 127.0.0.1 at 2018-09-18 15:04:54 -0700
Processing by TasksController#index as HTML
  Rendering tasks/index.html.erb within layouts/application
  [1m[36mTask Load (0.4ms)[0m  [1m[34mSELECT "tasks".* FROM "tasks" ORDER BY "tasks"."completion_time" ASC[0m
  ↳ app/views/tasks/index.html.erb:4
  Rendered tasks/index.html.erb within layouts/application (1.6ms)
Completed 200 OK in 19ms (Views: 17.2ms | ActiveRecord: 0.4ms)


Started GET "/tasks" for 127.0.0.1 at 2018-09-18 15:06:38 -0700
Processing by TasksController#index as HTML
  Rendering tasks/index.html.erb within layouts/application
  [1m[36mTask Load (0.4ms)[0m  [1m[34mSELECT "tasks".* FROM "tasks" ORDER BY "tasks"."completion_time" ASC[0m
  ↳ app/views/tasks/index.html.erb:3
  Rendered tasks/index.html.erb within layouts/application (1.4ms)
Completed 200 OK in 21ms (Views: 18.9ms | ActiveRecord: 0.4ms)


Started GET "/tasks" for 127.0.0.1 at 2018-09-18 15:08:09 -0700
Processing by TasksController#index as HTML
  Rendering tasks/index.html.erb within layouts/application
  [1m[36mTask Load (0.7ms)[0m  [1m[34mSELECT "tasks".* FROM "tasks" ORDER BY "tasks"."completion_time" ASC[0m
  ↳ app/views/tasks/index.html.erb:3
  Rendered tasks/index.html.erb within layouts/application (2.0ms)
Completed 200 OK in 19ms (Views: 16.1ms | ActiveRecord: 0.7ms)


Started GET "/tasks" for 127.0.0.1 at 2018-09-18 15:12:42 -0700
Processing by TasksController#index as HTML
  Rendering tasks/index.html.erb within layouts/application
  [1m[36mTask Load (0.4ms)[0m  [1m[34mSELECT "tasks".* FROM "tasks" ORDER BY "tasks"."completion_time" ASC[0m
  ↳ app/views/tasks/index.html.erb:3
  Rendered tasks/index.html.erb within layouts/application (1.6ms)
Completed 200 OK in 23ms (Views: 21.3ms | ActiveRecord: 0.4ms)


Started GET "/tasks" for 127.0.0.1 at 2018-09-18 15:16:35 -0700
Processing by TasksController#index as HTML
  Rendering tasks/index.html.erb within layouts/application
  [1m[36mTask Load (0.5ms)[0m  [1m[34mSELECT "tasks".* FROM "tasks" ORDER BY "tasks"."completion_time" ASC[0m
  ↳ app/views/tasks/index.html.erb:3
  Rendered tasks/index.html.erb within layouts/application (1.6ms)
Completed 200 OK in 30ms (Views: 27.0ms | ActiveRecord: 0.5ms)


Started GET "/tasks" for 127.0.0.1 at 2018-09-18 15:17:26 -0700
Processing by TasksController#index as HTML
  Rendering tasks/index.html.erb within layouts/application
  [1m[36mTask Load (0.5ms)[0m  [1m[34mSELECT "tasks".* FROM "tasks" ORDER BY "tasks"."completion_time" ASC[0m
  ↳ app/views/tasks/index.html.erb:3
  Rendered tasks/index.html.erb within layouts/application (1.6ms)
Completed 200 OK in 29ms (Views: 26.4ms | ActiveRecord: 0.5ms)


Started GET "/tasks" for 127.0.0.1 at 2018-09-18 15:17:28 -0700
Processing by TasksController#index as HTML
  Rendering tasks/index.html.erb within layouts/application
  [1m[36mTask Load (0.4ms)[0m  [1m[34mSELECT "tasks".* FROM "tasks" ORDER BY "tasks"."completion_time" ASC[0m
  ↳ app/views/tasks/index.html.erb:3
  Rendered tasks/index.html.erb within layouts/application (1.4ms)
Completed 200 OK in 26ms (Views: 24.2ms | ActiveRecord: 0.4ms)


Started GET "/tasks" for 127.0.0.1 at 2018-09-18 15:18:02 -0700
Processing by TasksController#index as HTML
  Rendering tasks/index.html.erb within layouts/application
  [1m[36mTask Load (0.8ms)[0m  [1m[34mSELECT "tasks".* FROM "tasks" ORDER BY "tasks"."completion_time" ASC[0m
  ↳ app/views/tasks/index.html.erb:3
  Rendered tasks/index.html.erb within layouts/application (2.1ms)
Completed 200 OK in 32ms (Views: 29.2ms | ActiveRecord: 0.8ms)


Started GET "/tasks" for 127.0.0.1 at 2018-09-18 15:18:03 -0700
Processing by TasksController#index as HTML
  Rendering tasks/index.html.erb within layouts/application
  [1m[36mTask Load (0.4ms)[0m  [1m[34mSELECT "tasks".* FROM "tasks" ORDER BY "tasks"."completion_time" ASC[0m
  ↳ app/views/tasks/index.html.erb:3
  Rendered tasks/index.html.erb within layouts/application (1.7ms)
Completed 200 OK in 22ms (Views: 20.3ms | ActiveRecord: 0.4ms)


Started GET "/tasks" for 127.0.0.1 at 2018-09-18 15:18:32 -0700
Processing by TasksController#index as HTML
  Rendering tasks/index.html.erb within layouts/application
  [1m[36mTask Load (0.4ms)[0m  [1m[34mSELECT "tasks".* FROM "tasks" ORDER BY "tasks"."completion_time" ASC[0m
  ↳ app/views/tasks/index.html.erb:3
  Rendered tasks/index.html.erb within layouts/application (1.4ms)
Completed 200 OK in 22ms (Views: 19.8ms | ActiveRecord: 0.4ms)


Started GET "/tasks" for 127.0.0.1 at 2018-09-18 15:19:05 -0700
Processing by TasksController#index as HTML
  Rendering tasks/index.html.erb within layouts/application
  [1m[36mTask Load (0.4ms)[0m  [1m[34mSELECT "tasks".* FROM "tasks" ORDER BY "tasks"."completion_time" ASC[0m
  ↳ app/views/tasks/index.html.erb:3
  Rendered tasks/index.html.erb within layouts/application (1.5ms)
Completed 200 OK in 24ms (Views: 21.8ms | ActiveRecord: 0.4ms)


Started GET "/tasks" for 127.0.0.1 at 2018-09-18 15:19:16 -0700
Processing by TasksController#index as HTML
  Rendering tasks/index.html.erb within layouts/application
  [1m[36mTask Load (0.8ms)[0m  [1m[34mSELECT "tasks".* FROM "tasks" ORDER BY "tasks"."completion_time" ASC[0m
  ↳ app/views/tasks/index.html.erb:3
  Rendered tasks/index.html.erb within layouts/application (2.2ms)
Completed 200 OK in 24ms (Views: 21.3ms | ActiveRecord: 0.8ms)


Started GET "/tasks" for 127.0.0.1 at 2018-09-18 15:19:33 -0700
Processing by TasksController#index as HTML
  Rendering tasks/index.html.erb within layouts/application
  [1m[36mTask Load (0.4ms)[0m  [1m[34mSELECT "tasks".* FROM "tasks" ORDER BY "tasks"."completion_time" ASC[0m
  ↳ app/views/tasks/index.html.erb:3
  Rendered tasks/index.html.erb within layouts/application (1.7ms)
Completed 200 OK in 23ms (Views: 21.4ms | ActiveRecord: 0.4ms)


Started GET "/tasks" for 127.0.0.1 at 2018-09-18 15:21:17 -0700
Processing by TasksController#index as HTML
  Rendering tasks/index.html.erb within layouts/application
  [1m[36mTask Load (0.6ms)[0m  [1m[34mSELECT "tasks".* FROM "tasks" ORDER BY "tasks"."completion_time" ASC[0m
  ↳ app/views/tasks/index.html.erb:3
  Rendered tasks/index.html.erb within layouts/application (2.3ms)
Completed 200 OK in 26ms (Views: 24.2ms | ActiveRecord: 0.6ms)


Started GET "/tasks" for 127.0.0.1 at 2018-09-18 15:21:52 -0700
Processing by TasksController#index as HTML
  Rendering tasks/index.html.erb within layouts/application
  [1m[36mTask Load (0.4ms)[0m  [1m[34mSELECT "tasks".* FROM "tasks" ORDER BY "tasks"."completion_time" ASC[0m
  ↳ app/views/tasks/index.html.erb:3
  Rendered tasks/index.html.erb within layouts/application (1.4ms)
Completed 200 OK in 22ms (Views: 20.3ms | ActiveRecord: 0.4ms)


Started GET "/tasks" for 127.0.0.1 at 2018-09-18 15:22:19 -0700
Processing by TasksController#index as HTML
  Rendering tasks/index.html.erb within layouts/application
  [1m[36mTask Load (1.2ms)[0m  [1m[34mSELECT "tasks".* FROM "tasks" ORDER BY "tasks"."completion_time" ASC[0m
  ↳ app/views/tasks/index.html.erb:3
  Rendered tasks/index.html.erb within layouts/application (3.3ms)
Completed 200 OK in 29ms (Views: 25.8ms | ActiveRecord: 1.2ms)


Started GET "/tasks" for 127.0.0.1 at 2018-09-18 15:22:35 -0700
Processing by TasksController#index as HTML
  Rendering tasks/index.html.erb within layouts/application
  [1m[36mTask Load (0.6ms)[0m  [1m[34mSELECT "tasks".* FROM "tasks" ORDER BY "tasks"."completion_time" ASC[0m
  ↳ app/views/tasks/index.html.erb:3
  Rendered tasks/index.html.erb within layouts/application (1.6ms)
Completed 200 OK in 22ms (Views: 20.2ms | ActiveRecord: 0.6ms)


Started GET "/tasks" for 127.0.0.1 at 2018-09-18 15:22:37 -0700
Processing by TasksController#index as HTML
  Rendering tasks/index.html.erb within layouts/application
  [1m[36mTask Load (0.5ms)[0m  [1m[34mSELECT "tasks".* FROM "tasks" ORDER BY "tasks"."completion_time" ASC[0m
  ↳ app/views/tasks/index.html.erb:3
  Rendered tasks/index.html.erb within layouts/application (1.5ms)
Completed 200 OK in 17ms (Views: 15.5ms | ActiveRecord: 0.5ms)


Started GET "/tasks" for 127.0.0.1 at 2018-09-18 15:22:44 -0700
Processing by TasksController#index as HTML
  Rendering tasks/index.html.erb within layouts/application
  [1m[36mTask Load (0.4ms)[0m  [1m[34mSELECT "tasks".* FROM "tasks" ORDER BY "tasks"."completion_time" ASC[0m
  ↳ app/views/tasks/index.html.erb:3
  Rendered tasks/index.html.erb within layouts/application (1.5ms)
Completed 200 OK in 41ms (Views: 38.7ms | ActiveRecord: 0.4ms)


Started GET "/tasks" for 127.0.0.1 at 2018-09-18 15:23:23 -0700
Processing by TasksController#index as HTML
  Rendering tasks/index.html.erb within layouts/application
  [1m[36mTask Load (0.4ms)[0m  [1m[34mSELECT "tasks".* FROM "tasks" ORDER BY "tasks"."completion_time" ASC[0m
  ↳ app/views/tasks/index.html.erb:3
  Rendered tasks/index.html.erb within layouts/application (1.4ms)
Completed 200 OK in 23ms (Views: 21.1ms | ActiveRecord: 0.4ms)


Started GET "/tasks" for 127.0.0.1 at 2018-09-18 15:23:34 -0700
Processing by TasksController#index as HTML
  Rendering tasks/index.html.erb within layouts/application
  [1m[36mTask Load (0.5ms)[0m  [1m[34mSELECT "tasks".* FROM "tasks" ORDER BY "tasks"."completion_time" ASC[0m
  ↳ app/views/tasks/index.html.erb:3
  Rendered tasks/index.html.erb within layouts/application (1.9ms)
Completed 200 OK in 25ms (Views: 22.9ms | ActiveRecord: 0.5ms)


Started GET "/tasks" for 127.0.0.1 at 2018-09-18 15:23:47 -0700
Processing by TasksController#index as HTML
  Rendering tasks/index.html.erb within layouts/application
  [1m[36mTask Load (0.6ms)[0m  [1m[34mSELECT "tasks".* FROM "tasks" ORDER BY "tasks"."completion_time" ASC[0m
  ↳ app/views/tasks/index.html.erb:3
  Rendered tasks/index.html.erb within layouts/application (2.1ms)
Completed 200 OK in 30ms (Views: 26.4ms | ActiveRecord: 0.6ms)


Started GET "/tasks" for 127.0.0.1 at 2018-09-18 15:25:28 -0700
Processing by TasksController#index as HTML
  Rendering tasks/index.html.erb within layouts/application
  [1m[36mTask Load (0.6ms)[0m  [1m[34mSELECT "tasks".* FROM "tasks" ORDER BY "tasks"."completion_time" ASC[0m
  ↳ app/views/tasks/index.html.erb:3
  Rendered tasks/index.html.erb within layouts/application (1.9ms)
Completed 200 OK in 28ms (Views: 25.0ms | ActiveRecord: 0.6ms)


Started GET "/tasks" for 127.0.0.1 at 2018-09-18 15:25:52 -0700
Processing by TasksController#index as HTML
  Rendering tasks/index.html.erb within layouts/application
  [1m[36mTask Load (0.4ms)[0m  [1m[34mSELECT "tasks".* FROM "tasks" ORDER BY "tasks"."completion_time" ASC[0m
  ↳ app/views/tasks/index.html.erb:3
  Rendered tasks/index.html.erb within layouts/application (1.4ms)
Completed 200 OK in 22ms (Views: 20.2ms | ActiveRecord: 0.4ms)


Started GET "/tasks" for 127.0.0.1 at 2018-09-18 15:26:25 -0700
Processing by TasksController#index as HTML
  Rendering tasks/index.html.erb within layouts/application
  [1m[36mTask Load (0.4ms)[0m  [1m[34mSELECT "tasks".* FROM "tasks" ORDER BY "tasks"."completion_time" ASC[0m
  ↳ app/views/tasks/index.html.erb:3
  Rendered tasks/index.html.erb within layouts/application (1.7ms)
Completed 200 OK in 23ms (Views: 21.5ms | ActiveRecord: 0.4ms)


Started GET "/tasks" for 127.0.0.1 at 2018-09-18 15:27:25 -0700
Processing by TasksController#index as HTML
  Rendering tasks/index.html.erb within layouts/application
  [1m[36mTask Load (0.4ms)[0m  [1m[34mSELECT "tasks".* FROM "tasks" ORDER BY "tasks"."completion_time" ASC[0m
  ↳ app/views/tasks/index.html.erb:3
  Rendered tasks/index.html.erb within layouts/application (1.3ms)
Completed 200 OK in 22ms (Views: 19.8ms | ActiveRecord: 0.4ms)


Started GET "/tasks" for 127.0.0.1 at 2018-09-18 15:27:47 -0700
Processing by TasksController#index as HTML
  Rendering tasks/index.html.erb within layouts/application
  [1m[36mTask Load (0.4ms)[0m  [1m[34mSELECT "tasks".* FROM "tasks" ORDER BY "tasks"."completion_time" ASC[0m
  ↳ app/views/tasks/index.html.erb:3
  Rendered tasks/index.html.erb within layouts/application (1.3ms)
Completed 200 OK in 23ms (Views: 21.4ms | ActiveRecord: 0.4ms)


Started GET "/tasks" for 127.0.0.1 at 2018-09-18 15:27:53 -0700
Processing by TasksController#index as HTML
  Rendering tasks/index.html.erb within layouts/application
  [1m[36mTask Load (0.4ms)[0m  [1m[34mSELECT "tasks".* FROM "tasks" ORDER BY "tasks"."completion_time" ASC[0m
  ↳ app/views/tasks/index.html.erb:3
  Rendered tasks/index.html.erb within layouts/application (1.7ms)
Completed 200 OK in 24ms (Views: 22.1ms | ActiveRecord: 0.4ms)


Started GET "/tasks" for 127.0.0.1 at 2018-09-18 15:28:01 -0700
Processing by TasksController#index as HTML
  Rendering tasks/index.html.erb within layouts/application
  [1m[36mTask Load (0.4ms)[0m  [1m[34mSELECT "tasks".* FROM "tasks" ORDER BY "tasks"."completion_time" ASC[0m
  ↳ app/views/tasks/index.html.erb:3
  Rendered tasks/index.html.erb within layouts/application (1.4ms)
Completed 200 OK in 28ms (Views: 24.7ms | ActiveRecord: 0.4ms)


Started GET "/tasks" for 127.0.0.1 at 2018-09-18 15:28:25 -0700
Processing by TasksController#index as HTML
  Rendering tasks/index.html.erb within layouts/application
  [1m[36mTask Load (0.4ms)[0m  [1m[34mSELECT "tasks".* FROM "tasks" ORDER BY "tasks"."completion_time" ASC[0m
  ↳ app/views/tasks/index.html.erb:3
  Rendered tasks/index.html.erb within layouts/application (2.3ms)
Completed 200 OK in 40ms (Views: 37.6ms | ActiveRecord: 0.4ms)


Started GET "/tasks" for 127.0.0.1 at 2018-09-18 15:28:36 -0700
Processing by TasksController#index as HTML
  Rendering tasks/index.html.erb within layouts/application
  [1m[36mTask Load (0.4ms)[0m  [1m[34mSELECT "tasks".* FROM "tasks" ORDER BY "tasks"."completion_time" ASC[0m
  ↳ app/views/tasks/index.html.erb:3
  Rendered tasks/index.html.erb within layouts/application (1.6ms)
Completed 200 OK in 27ms (Views: 24.7ms | ActiveRecord: 0.4ms)


Started GET "/tasks" for 127.0.0.1 at 2018-09-18 15:28:50 -0700
Processing by TasksController#index as HTML
  Rendering tasks/index.html.erb within layouts/application
  [1m[36mTask Load (0.5ms)[0m  [1m[34mSELECT "tasks".* FROM "tasks" ORDER BY "tasks"."completion_time" ASC[0m
  ↳ app/views/tasks/index.html.erb:3
  Rendered tasks/index.html.erb within layouts/application (1.6ms)
Completed 200 OK in 27ms (Views: 24.6ms | ActiveRecord: 0.5ms)


Started GET "/tasks" for 127.0.0.1 at 2018-09-18 15:30:05 -0700
Processing by TasksController#index as HTML
  Rendering tasks/index.html.erb within layouts/application
  [1m[36mTask Load (0.5ms)[0m  [1m[34mSELECT "tasks".* FROM "tasks" ORDER BY "tasks"."completion_time" ASC[0m
  ↳ app/views/tasks/index.html.erb:3
  Rendered tasks/index.html.erb within layouts/application (2.1ms)
Completed 200 OK in 26ms (Views: 23.8ms | ActiveRecord: 0.5ms)


Started GET "/tasks" for 127.0.0.1 at 2018-09-18 15:30:34 -0700
Processing by TasksController#index as HTML
  Rendering tasks/index.html.erb within layouts/application
  [1m[36mTask Load (0.4ms)[0m  [1m[34mSELECT "tasks".* FROM "tasks" ORDER BY "tasks"."completion_time" ASC[0m
  ↳ app/views/tasks/index.html.erb:3
  Rendered tasks/index.html.erb within layouts/application (1.5ms)
Completed 200 OK in 25ms (Views: 22.7ms | ActiveRecord: 0.4ms)


Started GET "/tasks" for 127.0.0.1 at 2018-09-18 15:30:50 -0700
Processing by TasksController#index as HTML
  Rendering tasks/index.html.erb within layouts/application
  [1m[36mTask Load (0.4ms)[0m  [1m[34mSELECT "tasks".* FROM "tasks" ORDER BY "tasks"."completion_time" ASC[0m
  ↳ app/views/tasks/index.html.erb:3
  Rendered tasks/index.html.erb within layouts/application (1.3ms)
Completed 200 OK in 24ms (Views: 22.3ms | ActiveRecord: 0.4ms)


Started GET "/tasks" for 127.0.0.1 at 2018-09-18 15:31:05 -0700
Processing by TasksController#index as HTML
  Rendering tasks/index.html.erb within layouts/application
  [1m[36mTask Load (0.4ms)[0m  [1m[34mSELECT "tasks".* FROM "tasks" ORDER BY "tasks"."completion_time" ASC[0m
  ↳ app/views/tasks/index.html.erb:3
  Rendered tasks/index.html.erb within layouts/application (1.3ms)
Completed 200 OK in 23ms (Views: 21.4ms | ActiveRecord: 0.4ms)


Started GET "/tasks" for 127.0.0.1 at 2018-09-18 15:31:07 -0700
Processing by TasksController#index as HTML
  Rendering tasks/index.html.erb within layouts/application
  [1m[36mTask Load (0.9ms)[0m  [1m[34mSELECT "tasks".* FROM "tasks" ORDER BY "tasks"."completion_time" ASC[0m
  ↳ app/views/tasks/index.html.erb:3
  Rendered tasks/index.html.erb within layouts/application (2.3ms)
Completed 200 OK in 17ms (Views: 14.8ms | ActiveRecord: 0.9ms)


Started GET "/tasks" for 127.0.0.1 at 2018-09-18 15:31:13 -0700
Processing by TasksController#index as HTML
  Rendering tasks/index.html.erb within layouts/application
  [1m[36mTask Load (0.5ms)[0m  [1m[34mSELECT "tasks".* FROM "tasks" ORDER BY "tasks"."completion_time" ASC[0m
  ↳ app/views/tasks/index.html.erb:3
  Rendered tasks/index.html.erb within layouts/application (1.5ms)
Completed 200 OK in 22ms (Views: 20.5ms | ActiveRecord: 0.5ms)


Started GET "/tasks" for 127.0.0.1 at 2018-09-18 15:31:27 -0700
Processing by TasksController#index as HTML
  Rendering tasks/index.html.erb within layouts/application
  [1m[36mTask Load (0.5ms)[0m  [1m[34mSELECT "tasks".* FROM "tasks" ORDER BY "tasks"."completion_time" ASC[0m
  ↳ app/views/tasks/index.html.erb:3
  Rendered tasks/index.html.erb within layouts/application (1.7ms)
Completed 200 OK in 23ms (Views: 21.3ms | ActiveRecord: 0.5ms)


Started GET "/tasks" for 127.0.0.1 at 2018-09-18 15:31:37 -0700
Processing by TasksController#index as HTML
  Rendering tasks/index.html.erb within layouts/application
  [1m[36mTask Load (0.4ms)[0m  [1m[34mSELECT "tasks".* FROM "tasks" ORDER BY "tasks"."completion_time" ASC[0m
  ↳ app/views/tasks/index.html.erb:3
  Rendered tasks/index.html.erb within layouts/application (1.4ms)
Completed 200 OK in 27ms (Views: 24.4ms | ActiveRecord: 0.4ms)


Started GET "/tasks" for 127.0.0.1 at 2018-09-18 15:32:28 -0700
Processing by TasksController#index as HTML
  Rendering tasks/index.html.erb within layouts/application
  [1m[36mTask Load (0.4ms)[0m  [1m[34mSELECT "tasks".* FROM "tasks" ORDER BY "tasks"."completion_time" ASC[0m
  ↳ app/views/tasks/index.html.erb:3
  Rendered tasks/index.html.erb within layouts/application (1.5ms)
Completed 200 OK in 30ms (Views: 28.2ms | ActiveRecord: 0.4ms)


Started GET "/tasks" for 127.0.0.1 at 2018-09-18 15:32:47 -0700
Processing by TasksController#index as HTML
  Rendering tasks/index.html.erb within layouts/application
  [1m[36mTask Load (0.5ms)[0m  [1m[34mSELECT "tasks".* FROM "tasks" ORDER BY "tasks"."completion_time" ASC[0m
  ↳ app/views/tasks/index.html.erb:3
  Rendered tasks/index.html.erb within layouts/application (1.6ms)
Completed 200 OK in 22ms (Views: 20.0ms | ActiveRecord: 0.5ms)


Started GET "/tasks" for 127.0.0.1 at 2018-09-18 15:32:58 -0700
Processing by TasksController#index as HTML
  Rendering tasks/index.html.erb within layouts/application
  [1m[36mTask Load (0.4ms)[0m  [1m[34mSELECT "tasks".* FROM "tasks" ORDER BY "tasks"."completion_time" ASC[0m
  ↳ app/views/tasks/index.html.erb:3
  Rendered tasks/index.html.erb within layouts/application (1.4ms)
Completed 200 OK in 24ms (Views: 20.3ms | ActiveRecord: 0.4ms)


Started GET "/tasks" for 127.0.0.1 at 2018-09-18 15:33:06 -0700
Processing by TasksController#index as HTML
  Rendering tasks/index.html.erb within layouts/application
  [1m[36mTask Load (0.6ms)[0m  [1m[34mSELECT "tasks".* FROM "tasks" ORDER BY "tasks"."completion_time" ASC[0m
  ↳ app/views/tasks/index.html.erb:3
  Rendered tasks/index.html.erb within layouts/application (2.4ms)
Completed 200 OK in 25ms (Views: 22.4ms | ActiveRecord: 0.6ms)


Started GET "/tasks" for 127.0.0.1 at 2018-09-18 15:33:24 -0700
Processing by TasksController#index as HTML
  Rendering tasks/index.html.erb within layouts/application
  [1m[36mTask Load (0.4ms)[0m  [1m[34mSELECT "tasks".* FROM "tasks" ORDER BY "tasks"."completion_time" ASC[0m
  ↳ app/views/tasks/index.html.erb:3
  Rendered tasks/index.html.erb within layouts/application (1.3ms)
Completed 200 OK in 24ms (Views: 21.6ms | ActiveRecord: 0.4ms)


Started GET "/tasks" for 127.0.0.1 at 2018-09-18 15:33:26 -0700
Processing by TasksController#index as HTML
  Rendering tasks/index.html.erb within layouts/application
  [1m[36mTask Load (0.5ms)[0m  [1m[34mSELECT "tasks".* FROM "tasks" ORDER BY "tasks"."completion_time" ASC[0m
  ↳ app/views/tasks/index.html.erb:3
  Rendered tasks/index.html.erb within layouts/application (1.5ms)
Completed 200 OK in 19ms (Views: 16.5ms | ActiveRecord: 0.5ms)


Started GET "/tasks" for 127.0.0.1 at 2018-09-18 15:33:37 -0700
Processing by TasksController#index as HTML
  Rendering tasks/index.html.erb within layouts/application
  [1m[36mTask Load (0.4ms)[0m  [1m[34mSELECT "tasks".* FROM "tasks" ORDER BY "tasks"."completion_time" ASC[0m
  ↳ app/views/tasks/index.html.erb:3
  Rendered tasks/index.html.erb within layouts/application (1.4ms)
Completed 200 OK in 23ms (Views: 20.4ms | ActiveRecord: 0.4ms)


Started GET "/tasks" for 127.0.0.1 at 2018-09-18 15:33:58 -0700
Processing by TasksController#index as HTML
  Rendering tasks/index.html.erb within layouts/application
  [1m[36mTask Load (0.4ms)[0m  [1m[34mSELECT "tasks".* FROM "tasks" ORDER BY "tasks"."completion_time" ASC[0m
  ↳ app/views/tasks/index.html.erb:3
  Rendered tasks/index.html.erb within layouts/application (1.3ms)
Completed 200 OK in 25ms (Views: 23.2ms | ActiveRecord: 0.4ms)


Started GET "/tasks" for 127.0.0.1 at 2018-09-18 15:34:08 -0700
Processing by TasksController#index as HTML
  Rendering tasks/index.html.erb within layouts/application
  [1m[36mTask Load (0.5ms)[0m  [1m[34mSELECT "tasks".* FROM "tasks" ORDER BY "tasks"."completion_time" ASC[0m
  ↳ app/views/tasks/index.html.erb:3
  Rendered tasks/index.html.erb within layouts/application (1.5ms)
Completed 200 OK in 25ms (Views: 22.7ms | ActiveRecord: 0.5ms)


Started GET "/tasks" for 127.0.0.1 at 2018-09-18 15:34:14 -0700
Processing by TasksController#index as HTML
  Rendering tasks/index.html.erb within layouts/application
  [1m[36mTask Load (0.4ms)[0m  [1m[34mSELECT "tasks".* FROM "tasks" ORDER BY "tasks"."completion_time" ASC[0m
  ↳ app/views/tasks/index.html.erb:3
  Rendered tasks/index.html.erb within layouts/application (1.4ms)
Completed 200 OK in 17ms (Views: 15.2ms | ActiveRecord: 0.4ms)


Started GET "/tasks" for 127.0.0.1 at 2018-09-18 15:34:27 -0700
Processing by TasksController#index as HTML
  Rendering tasks/index.html.erb within layouts/application
  [1m[36mTask Load (0.5ms)[0m  [1m[34mSELECT "tasks".* FROM "tasks" ORDER BY "tasks"."completion_time" ASC[0m
  ↳ app/views/tasks/index.html.erb:3
  Rendered tasks/index.html.erb within layouts/application (1.7ms)
Completed 200 OK in 25ms (Views: 22.8ms | ActiveRecord: 0.5ms)


Started GET "/tasks" for 127.0.0.1 at 2018-09-18 15:34:30 -0700
Processing by TasksController#index as HTML
  Rendering tasks/index.html.erb within layouts/application
  [1m[36mTask Load (0.4ms)[0m  [1m[34mSELECT "tasks".* FROM "tasks" ORDER BY "tasks"."completion_time" ASC[0m
  ↳ app/views/tasks/index.html.erb:3
  Rendered tasks/index.html.erb within layouts/application (1.5ms)
Completed 200 OK in 19ms (Views: 16.2ms | ActiveRecord: 0.4ms)


Started GET "/tasks" for 127.0.0.1 at 2018-09-18 15:34:50 -0700
Processing by TasksController#index as HTML
  Rendering tasks/index.html.erb within layouts/application
  [1m[36mTask Load (0.4ms)[0m  [1m[34mSELECT "tasks".* FROM "tasks" ORDER BY "tasks"."completion_time" ASC[0m
  ↳ app/views/tasks/index.html.erb:3
  Rendered tasks/index.html.erb within layouts/application (1.5ms)
Completed 200 OK in 27ms (Views: 24.5ms | ActiveRecord: 0.4ms)


Started GET "/tasks" for 127.0.0.1 at 2018-09-18 15:34:57 -0700
Processing by TasksController#index as HTML
  Rendering tasks/index.html.erb within layouts/application
  [1m[36mTask Load (0.4ms)[0m  [1m[34mSELECT "tasks".* FROM "tasks" ORDER BY "tasks"."completion_time" ASC[0m
  ↳ app/views/tasks/index.html.erb:3
  Rendered tasks/index.html.erb within layouts/application (1.4ms)
Completed 200 OK in 30ms (Views: 28.2ms | ActiveRecord: 0.4ms)


Started GET "/tasks/" for 127.0.0.1 at 2018-09-18 15:35:04 -0700
Processing by TasksController#index as HTML
  Rendering tasks/index.html.erb within layouts/application
  [1m[36mTask Load (0.5ms)[0m  [1m[34mSELECT "tasks".* FROM "tasks" ORDER BY "tasks"."completion_time" ASC[0m
  ↳ app/views/tasks/index.html.erb:3
  Rendered tasks/index.html.erb within layouts/application (2.0ms)
Completed 200 OK in 39ms (Views: 32.8ms | ActiveRecord: 0.5ms)


Started GET "/tasks/" for 127.0.0.1 at 2018-09-18 15:35:15 -0700
Processing by TasksController#index as HTML
  Rendering tasks/index.html.erb within layouts/application
  [1m[36mTask Load (0.7ms)[0m  [1m[34mSELECT "tasks".* FROM "tasks" ORDER BY "tasks"."completion_time" ASC[0m
  ↳ app/views/tasks/index.html.erb:3
  Rendered tasks/index.html.erb within layouts/application (2.3ms)
Completed 200 OK in 31ms (Views: 28.1ms | ActiveRecord: 0.7ms)


Started GET "/tasks/" for 127.0.0.1 at 2018-09-18 15:35:21 -0700
Processing by TasksController#index as HTML
  Rendering tasks/index.html.erb within layouts/application
  [1m[36mTask Load (0.4ms)[0m  [1m[34mSELECT "tasks".* FROM "tasks" ORDER BY "tasks"."completion_time" ASC[0m
  ↳ app/views/tasks/index.html.erb:3
  Rendered tasks/index.html.erb within layouts/application (1.7ms)
Completed 200 OK in 19ms (Views: 17.3ms | ActiveRecord: 0.4ms)


Started GET "/tasks/" for 127.0.0.1 at 2018-09-18 15:35:42 -0700
Processing by TasksController#index as HTML
  Rendering tasks/index.html.erb within layouts/application
  [1m[36mTask Load (0.4ms)[0m  [1m[34mSELECT "tasks".* FROM "tasks" ORDER BY "tasks"."completion_time" ASC[0m
  ↳ app/views/tasks/index.html.erb:3
  Rendered tasks/index.html.erb within layouts/application (1.4ms)
Completed 200 OK in 19ms (Views: 16.6ms | ActiveRecord: 0.4ms)


Started GET "/tasks/10" for 127.0.0.1 at 2018-09-18 15:37:55 -0700
Processing by TasksController#show as HTML
  Parameters: {"id"=>"10"}
  [1m[36mTask Load (0.3ms)[0m  [1m[34mSELECT  "tasks".* FROM "tasks" WHERE "tasks"."id" = $1 LIMIT $2[0m  [["id", 10], ["LIMIT", 1]]
  ↳ app/controllers/tasks_controller.rb:15
  Rendering tasks/show.html.erb within layouts/application
  Rendered tasks/show.html.erb within layouts/application (0.6ms)
Completed 200 OK in 17ms (Views: 14.3ms | ActiveRecord: 0.5ms)


Started GET "/tasks/" for 127.0.0.1 at 2018-09-18 15:40:12 -0700
Processing by TasksController#index as HTML
  Rendering tasks/index.html.erb within layouts/application
  [1m[36mTask Load (0.4ms)[0m  [1m[34mSELECT "tasks".* FROM "tasks" ORDER BY "tasks"."completion_time" ASC[0m
  ↳ app/views/tasks/index.html.erb:3
  Rendered tasks/index.html.erb within layouts/application (1.6ms)
Completed 200 OK in 18ms (Views: 15.6ms | ActiveRecord: 0.4ms)


